node   1  (   0,    0) (   9,    3) (  12,    4) (  10,    4) (  12,   10) (  39,   23) (  20,   20) (  23,   28) (   7,   15) (   2,    3)
          (   1,    6) (   0,    4) (   1,    6) (   0,    0) (   0,    0) (   3,    0) (   5,    5) (   5,    6) (   3,    3) (   3,    5)
          (   1,    0) (   0,    0) (   0,    1) (   2,    2) (   6,    2) (   2,    1) (   0,    0) (   1,    2) (   1,    5) (   1,    1)
          (   1,    0) (   2,    2) (   0,    1) (   1,    1) (   2,    0) (   1,    0) (   1,    1) (   3,    2) (   2,    4) (   2,    2)
          (   1,    0) (   1,    3) (   0,    1) (   1,    1) (   0,    0) (   3,    2) (   5,    3) (   5,    6) (   3,    3) (   2,    2)
          (   1,    2) (   1,    1) (   1,    2) (   0,    0) (   4,    0) (   4,    3) (   0,    0) (   3,    4) (   0,    4) (   0,    0)
          (   2,    1) (   0,    0) (   1,    2) (   0,    0) (   1,    1) (   7,    4) (   1,    1) (   0,    1) (   2,    2) (   0,    2)
          (   2,    1) (   0,    0) (   1,    2) (   5,    5) (   4,    4) (   5,    4) (   1,    1) (   4,    5) (   0,    0) (   0,    0)
          (   5,    0) (   2,    0) (   0,    1) (   7,    7) (   4,    8) (   7,    8) (   4,    4) (   0,    1) (   2,    2) (   1,    1)
          (   1,    0) (   0,    0) (   3,    4) (   3,    1) (   3,    3) (   2,    1) (   1,    1) (   0,    3) (   2,    2) (   6,    6)
          (   6,    5) (   5,    5) (   2,    3) (   1,    1) (   2,    2) (   1,    0) (   0,    0) (   1,    2) (   5,    5) (   4,    4)
          (   1,    0) (   1,    1) (   0,    1) (   1,    1) (   2,    2) (   1,    0) (   4,    2) (   4,    5) (   1,    1) (   0,    0)
          (   1,    2) (   0,    0) (   4,    3) (   4,    2) (   8,    8) (   7,    6) (   5,    7) (   2,    5) (   0,    0) (   0,    0)
          (   5,    0) (   2,    2) (   0,    1) (   1,    1) (   0,    4) (   1,    0) (   0,    0) (   0,    1) (   5,    5) (   4,    4)
          (   2,    1) (   5,    5) (   1,    2) (   3,    3) (   0,    0) (   3,    0) (   3,    1) (   0,    1) (   6,    6) (   2,    4)
          (   2,    3) (   0,    0) (   1,    2) (   4,    0) (   1,    1) (   2,    1) (   2,    2) (   1,    6) (   2,    2) (   0,    0)
          (   4,    1) (   1,    1) (   4,    1) (   1,    1) (   3,    5) (   1,    0) (   2,    6) (   0,    1) (   0,    0) (   0,    0)
          (   1,    0) (  16,    0) (   2,    1) (   4,    4) (   0,    0) (   3,   18) (   0,    0) (   0,    0) (   0,    0) (   0,    0)
          (   0,    0) (   0,    0) (   0,    0) (   0,    0) (   0,    0) (   0,    0) (   0,    0) (   0,    0) (   0,    0) (   0,    0)
          (   0,    0) (   0,    0) (   0,    0) (   0,    0) (   0,    0) (   0,    0) (   0,    0) (   0,    0) (   0,    0) (   0,    0)
          (   0,    0) (   0,    0) (   0,    0) (   0,    0) (   0,    0) (   0,    0) (   0,    0) (   0,    0) (   0,    0) (   0,    0)
          (   0,    0) (   0,    0) (   0,    0) (   0,    0) (   0,    0) (   0,    0) (   0,    0) (   0,    0) (   0,    0) (   0,    0)
          (   0,    0) (   0,    0) (   0,    0) (   0,    0) (   0,    0) (   0,    0) (   0,    0) (   0,    0) (   0,    0) (   0,    0)
          (   0,    0) (   0,    0) (   0,    0) (   0,    0) (   0,    0) (   0,    0) (   0,    0) (   0,    0) (   0,    0) (   0,    0)
          (   0,    0) (   0,    0) (   0,    0) (   0,    0) (   0,    0) (   0,    0) (   0,    0) (   0,    0) (   0,    0) (   0,    0)
          (   0,    0) (   0,    0) (   0,    0) (   0,    0) (   0,    0) (   0,    0) (   0,    0) (   0,    0) (   0,    0) (   0,    0)
          (   0,    0) (   0,    0) (   0,    0) (   0,    0) (   0,    0) (   0,    0) (   0,    0) (   0,    0) (   0,    0) (   0,    0)
          (   0,    0) (   0,    0) (   0,    0) (   0,    0) (   0,    0) (   0,    0) (   0,    0) (   0,    0) (   0,    0) (   0,    0)
          (   0,    0) (   0,    0) (   0,    0) (   0,    0) (   0,    0) (   0,    0) (   0,    0) (   0,    0) (   0,    0) (   0,    0)
          (   0,    0) (   0,    0) (   0,    0) (   0,    0) (   0,    0) (   0,    0) (   0,    0) (   0,    0) (   0,    0) (   0,    0)
          (   0,    0) (   0,    0) (   0,    0) (   0,    0) (   0,    0) (   0,    0) (   0,    0) (   0,    0) (   0,    0) (   0,    0)
          (   0,    0) (   0,    0) (   0,    0) (   0,    0) (   0,    0) (   0,    0) (   0,    0) (   0,    0) (   0,    0) (   0,    0)
          (   0,    0) (   0,    0) (   0,    0) (   0,    0) (   0,    0) (   0,    0) (   0,    0) (   0,    0) (   0,    0) (   0,    0)
          (   0,    0) (   0,    0) (   0,    0) (   0,    0) (   0,    0) (   0,    0) (   0,    0) (   0,    0) (   0,    0) (   0,    0)
          (   0,    0) (   0,    0) (   0,    0) (   0,    0) (   0,    0) (   0,    0) (   0,    0) (   0,    0) (   0,    0) (   0,    0)
          (   0,    0) (   0,    0) (   0,    0) (   0,    0) (   0,    0) (   0,    0) (   0,    0) (   0,    0) (   0,    0) (   0,    0)
          (   0,    0) (   0,    0) (   0,    0) (   0,    0) (   0,    0) (   0,    0) (   0,    0) (   0,    0) (   0,    0) (   0,    0)
          (   0,    0) (   0,    0) (   0,    0) (   0,    0) (   0,    0) (   0,    0) (   0,    0) (   0,    0) (   0,    0) (   0,    0)
          (   0,    0) (   0,    0) (   0,    0) (   0,    0) (   0,    0) (   0,    0) (   0,    0) (   0,    0) (   0,    0) (   0,    0)
          (   0,    0) (   0,    0) (   0,    0) (   0,    0) (   0,    0) (   0,    0) (   0,    0) (   0,    0) (   0,    0) (   0,    0)
          (   0,    0) (   0,    0) (   0,    0) (   0,    0) (   0,    0) (   0,    0) (   0,    0) (   0,    0) (   0,    0) (   0,    0)
          (   0,    0) (   0,    0) (   0,    0) (   0,    0) (   0,    0) (   0,    0) (   0,    0) (   0,    0) (   0,    0) (   0,    0)
          (   0,    0) (   0,    0) (   0,    0) (   0,    0) (   0,    0) (   0,    0) (   0,    0) (   0,    0) (   0,    0) (   0,    0)
          (   0,    0) (   0,    0) (   0,    0) (   0,    0) (   0,    0) (   0,    0) (   0,    0) (   0,    0) (   0,    0) (   0,    0)
          (   0,    0) (   0,    0) (   0,    0) (   0,    0) (   0,    0) (   0,    0) (   0,    0) (   0,    0) (   0,    0) (   0,    0)
          (   0,    0) (   0,    0) (   0,    0) (   0,    0) (   0,    0) (   0,    0) (   0,    0) (   0,    0) (   0,    0) (   0,    0)
          (   0,    0) (   0,    0) (   0,    0) (   0,    0) (   0,    0) (   0,    0) (   0,    0) (   0,    0) (   0,    0) (   0,    0)
          (   0,    0) (   0,    0) (   0,    0) (   0,    0) (   0,    0) (   0,    0) (   0,    0) (   0,    0) (   0,    0) (   0,    0)
          (   0,    0) (   0,    0) (   0,    0) (   0,    0) (   0,    0) (   0,    0) (   0,    0) (   0,    0) (   0,    0) (   0,    0)
          (   0,    0) (   0,    0) (   0,    0) (   0,    0) (   0,    0) (   0,    0) (   0,    0) (   0,    0) (   0,    0) (   0,    0)
          (   0,    0) (   0,    0) (   0,    0) (   0,    0) (   0,    0) (   0,    0) (   0,    0) (   0,    0) (   0,    0) (   0,    0)
          (   0,    0) (   0,    0) (   0,    0) (   0,    0) (   0,    0) (   0,    0) (   0,    0) (   0,    0) (   0,    0) (   0,    0)
          (   0,    0) (   0,    0) (   0,    0) (   0,    0) (   0,    0) (   0,    0) (   0,    0) (   0,    0) (   0,    0) (   0,    0)
          (   0,    0) (   0,    0) (   0,    0) (   0,    0) (   0,    0) (   0,    0) (   0,    0) (   0,    0) (   0,    0) (   0,    0)
          (   0,    0) (   0,    0) (   0,    0) (   0,    0) (   0,    0) (   0,    0) (   0,    0) (   0,    0) (   0,    0) (   0,    0)
          (   0,    0) (   0,    0) (   0,    0) (   0,    0) (   0,    0) (   0,    0) (   0,    0) (   0,    0) (   0,    0) (   0,    0)
          (   0,    0) (   0,    0) (   0,    0) (   0,    0) (   0,    0) (   0,    0) (   0,    0) (   0,    0) (   0,    0) (   0,    0)
          (   0,    0) (   0,    0) (   0,    0) (   0,    0) (   0,    0) (   0,    0) (   0,    0) (   0,    0) (   0,    0) (   0,    0)
          (   0,    0) (   0,    0) (   0,    0) (   0,    0) (   0,    0) (   0,    0) (   0,    0) (   0,    0) (   0,    0) (   0,    0)
          (   0,    0) (   0,    0) (   0,    0) (   0,    0) (   0,    0) (   0,    0) (   0,    0) (   0,    0) (   0,    0) (   0,    0)
          (   0,    0) (   0,    0) (   0,    0) (   0,    0) (   0,    0) (   0,    0) (   0,    0) (   0,    0) (   0,    0) (   0,    0)
          (   0,    0) (   0,    0) (   0,    0) (   0,    0) (   0,    0) (   0,    0) (   0,    0) (   0,    0) (   0,    0) (   0,    0)
          (   0,    0) (   0,    0) (   0,    0) (   0,    0) (   0,    0) (   0,    0) (   0,    0) (   0,    0) (   0,    0) (   0,    0)
          (   0,    0) (   0,    0) (   0,    0) (   0,    0) (   0,    0) (   0,    0) (   0,    0) (   0,    0) (   0,    0) (   0,    0)
          (   0,    0) (   0,    0) (   0,    0) (   0,    0) (   0,    0) (   0,    0) (   0,    0) (   0,    0) (   0,    0) (   0,    0)
          (   0,    0) (   0,    0) (   0,    0) (   0,    0) (   0,    0) (   0,    0) (   0,    0) (   0,    0) (   0,    0) (   0,    0)
          (   0,    0) (   0,    0) (   0,    0) (   0,    0) (   0,    0) (   0,    0) (   0,    0) (   0,    0) (   0,    0) (   0,    0)
          (   0,    0) (   0,    0) (   0,    0) (   0,    0) (   0,    0) (   0,    0) (   0,    0) (   0,    0) (   0,    0) (   0,    0)
          (   0,    0) (   0,    0) (   0,    0) (   0,    0) (   0,    0) (   0,    0) (   0,    0) (   0,    0) (   0,    0) (   0,    0)
          (   0,    0) (   0,    0) (   0,    0) (   0,    0) (   0,    0) (   0,    0) (   0,    0) (   0,    0) (   0,    0) (   0,    0)
         
node   1 sent_total    481  recv_total    468

node   2  (   1,    0) (   0,    0) (   4,    2) (  12,    4) (  24,    9) (  16,   16) (  25,   38) (  11,   24) (  14,   29) (   5,    8)
          (   2,    2) (   4,    3) (   0,    0) (   1,    2) (   2,    0) (   1,    1) (   5,    0) (   1,    1) (   1,    4) (   0,    0)
          (   0,    4) (   2,    1) (   0,    0) (   3,    2) (   9,    9) (   1,    1) (   3,    2) (   0,    2) (   0,    1) (   2,    0)
          (   0,    0) (   3,    2) (   3,    3) (   0,    3) (   0,    0) (   1,    1) (   5,    0) (   1,    1) (   2,    3) (   0,    0)
          (   1,    5) (   1,    0) (   1,    1) (   0,    1) (   0,    0) (   6,    0) (   5,    4) (   3,    3) (   4,    5) (   3,    9)
          (   0,    0) (   2,    1) (   0,    0) (   2,    3) (   2,    0) (   3,    3) (   1,    0) (   3,    3) (   0,    3) (   2,    2)
          (   1,    1) (   1,    0) (   1,    1) (   3,    2) (   3,    1) (   2,    0) (   2,    1) (   0,    2) (   2,    5) (   0,    2)
          (   0,    0) (   1,    0) (   1,    1) (   1,    2) (   3,    3) (   2,    2) (   5,    4) (   1,    1) (   1,    2) (   0,    0)
          (   0,    0) (   3,    0) (   4,    0) (   8,    1) (   3,    3) (   0,    2) (   2,    5) (   2,   10) (   0,    1) (   0,    0)
          (   0,    0) (   5,    4) (   4,    2) (   3,    4) (   2,    2) (   2,    2) (   1,    2) (   1,    1) (   1,    2) (   0,    0)
          (   5,    5) (   1,    0) (   1,    1) (   0,    1) (   0,    0) (   2,    0) (   2,    1) (   2,    2) (   3,    4) (   4,    6)
          (   3,    3) (   1,    0) (   0,    0) (   1,    2) (   1,    1) (   2,    0) (   3,    2) (   2,    2) (   1,    2) (   0,    2)
          (   0,    0) (   3,    0) (   1,    1) (   3,    4) (   6,    6) (   7,    9) (   5,    4) (   0,    0) (   1,    2) (   2,    0)
          (   1,    1) (   5,    2) (   2,    2) (   1,    4) (   3,    3) (   0,    2) (   4,    3) (   1,    1) (   1,    2) (   4,    2)
          (   1,    1) (   2,    1) (   3,    1) (   0,    3) (   0,    0) (   2,    0) (   1,    2) (   2,    2) (   1,    2) (   3,    5)
          (   1,    1) (   1,    0) (   2,    2) (   3,    2) (   3,    3) (   1,    1) (   2,    1) (   4,    4) (   1,    2) (   0,    0)
          (   2,    0) (   2,    3) (   0,    0) (   2,    1) (   1,    3) (   1,    1) (   4,    1) (   1,    3) (   2,    3) (   1,    1)
          (   0,    2) (   1,    0) (   2,    2) (   7,    6) (   3,    3) (   3,    3) (   1,    0) (   1,    3) (   2,    1) (   4,    0)
          (   1,    1) (   1,    0) (   3,    3) (   0,    5) (   1,    1) (   0,    0) (   1,    0) (   6,    0) (   0,    1) (   4,    4)
          (   1,    1) (   3,    6) (   2,    0) (   0,    1) (   0,    0) (   3,    3) (   1,    0) (   2,    0) (   1,    2) (   2,    2)
          (   2,    0) (   3,    2) (   0,    0) (   0,    1) (   1,    3) (   0,    0) (   2,    1) (   1,    1) (   6,    7) (   2,    2)
          (   0,    0) (   1,    0) (   0,    0) (   4,    3) (   2,    2) (   3,    3) (   1,    0) (   3,    5) (   0,    0) (   1,    1)
          (   1,    1) (   3,    2) (   4,    2) (   6,    7) (   3,    3) (   8,    8) (   0,    0) (   0,    0) (   0,    0) (   0,    0)
          (   0,    0) (   0,    0) (   0,    0) (   0,    0) (   0,    0) (   0,    0) (   0,    0) (   0,    0) (   0,    0) (   0,    0)
          (   0,    0) (   0,    0) (   0,    0) (   0,    0) (   0,    0) (   0,    0) (   0,    0) (   0,    0) (   0,    0) (   0,    0)
          (   0,    0) (   0,    0) (   0,    0) (   0,    0) (   0,    0) (   0,    0) (   0,    0) (   0,    0) (   0,    0) (   0,    0)
          (   0,    0) (   0,    0) (   0,    0) (   0,    0) (   0,    0) (   0,    0) (   0,    0) (   0,    0) (   0,    0) (   0,    0)
          (   0,    0) (   0,    0) (   0,    0) (   0,    0) (   0,    0) (   0,    0) (   0,    0) (   0,    0) (   0,    0) (   0,    0)
          (   0,    0) (   0,    0) (   0,    0) (   0,    0) (   0,    0) (   0,    0) (   0,    0) (   0,    0) (   0,    0) (   0,    0)
          (   0,    0) (   0,    0) (   0,    0) (   0,    0) (   0,    0) (   0,    0) (   0,    0) (   0,    0) (   0,    0) (   0,    0)
          (   0,    0) (   0,    0) (   0,    0) (   0,    0) (   0,    0) (   0,    0) (   0,    0) (   0,    0) (   0,    0) (   0,    0)
          (   0,    0) (   0,    0) (   0,    0) (   0,    0) (   0,    0) (   0,    0) (   0,    0) (   0,    0) (   0,    0) (   0,    0)
          (   0,    0) (   0,    0) (   0,    0) (   0,    0) (   0,    0) (   0,    0) (   0,    0) (   0,    0) (   0,    0) (   0,    0)
          (   0,    0) (   0,    0) (   0,    0) (   0,    0) (   0,    0) (   0,    0) (   0,    0) (   0,    0) (   0,    0) (   0,    0)
          (   0,    0) (   0,    0) (   0,    0) (   0,    0) (   0,    0) (   0,    0) (   0,    0) (   0,    0) (   0,    0) (   0,    0)
          (   0,    0) (   0,    0) (   0,    0) (   0,    0) (   0,    0) (   0,    0) (   0,    0) (   0,    0) (   0,    0) (   0,    0)
          (   0,    0) (   0,    0) (   0,    0) (   0,    0) (   0,    0) (   0,    0) (   0,    0) (   0,    0) (   0,    0) (   0,    0)
          (   0,    0) (   0,    0) (   0,    0) (   0,    0) (   0,    0) (   0,    0) (   0,    0) (   0,    0) (   0,    0) (   0,    0)
          (   0,    0) (   0,    0) (   0,    0) (   0,    0) (   0,    0) (   0,    0) (   0,    0) (   0,    0) (   0,    0) (   0,    0)
          (   0,    0) (   0,    0) (   0,    0) (   0,    0) (   0,    0) (   0,    0) (   0,    0) (   0,    0) (   0,    0) (   0,    0)
          (   0,    0) (   0,    0) (   0,    0) (   0,    0) (   0,    0) (   0,    0) (   0,    0) (   0,    0) (   0,    0) (   0,    0)
          (   0,    0) (   0,    0) (   0,    0) (   0,    0) (   0,    0) (   0,    0) (   0,    0) (   0,    0) (   0,    0) (   0,    0)
          (   0,    0) (   0,    0) (   0,    0) (   0,    0) (   0,    0) (   0,    0) (   0,    0) (   0,    0) (   0,    0) (   0,    0)
          (   0,    0) (   0,    0) (   0,    0) (   0,    0) (   0,    0) (   0,    0) (   0,    0) (   0,    0) (   0,    0) (   0,    0)
          (   0,    0) (   0,    0) (   0,    0) (   0,    0) (   0,    0) (   0,    0) (   0,    0) (   0,    0) (   0,    0) (   0,    0)
          (   0,    0) (   0,    0) (   0,    0) (   0,    0) (   0,    0) (   0,    0) (   0,    0) (   0,    0) (   0,    0) (   0,    0)
          (   0,    0) (   0,    0) (   0,    0) (   0,    0) (   0,    0) (   0,    0) (   0,    0) (   0,    0) (   0,    0) (   0,    0)
          (   0,    0) (   0,    0) (   0,    0) (   0,    0) (   0,    0) (   0,    0) (   0,    0) (   0,    0) (   0,    0) (   0,    0)
          (   0,    0) (   0,    0) (   0,    0) (   0,    0) (   0,    0) (   0,    0) (   0,    0) (   0,    0) (   0,    0) (   0,    0)
          (   0,    0) (   0,    0) (   0,    0) (   0,    0) (   0,    0) (   0,    0) (   0,    0) (   0,    0) (   0,    0) (   0,    0)
          (   0,    0) (   0,    0) (   0,    0) (   0,    0) (   0,    0) (   0,    0) (   0,    0) (   0,    0) (   0,    0) (   0,    0)
          (   0,    0) (   0,    0) (   0,    0) (   0,    0) (   0,    0) (   0,    0) (   0,    0) (   0,    0) (   0,    0) (   0,    0)
          (   0,    0) (   0,    0) (   0,    0) (   0,    0) (   0,    0) (   0,    0) (   0,    0) (   0,    0) (   0,    0) (   0,    0)
          (   0,    0) (   0,    0) (   0,    0) (   0,    0) (   0,    0) (   0,    0) (   0,    0) (   0,    0) (   0,    0) (   0,    0)
          (   0,    0) (   0,    0) (   0,    0) (   0,    0) (   0,    0) (   0,    0) (   0,    0) (   0,    0) (   0,    0) (   0,    0)
          (   0,    0) (   0,    0) (   0,    0) (   0,    0) (   0,    0) (   0,    0) (   0,    0) (   0,    0) (   0,    0) (   0,    0)
          (   0,    0) (   0,    0) (   0,    0) (   0,    0) (   0,    0) (   0,    0) (   0,    0) (   0,    0) (   0,    0) (   0,    0)
          (   0,    0) (   0,    0) (   0,    0) (   0,    0) (   0,    0) (   0,    0) (   0,    0) (   0,    0) (   0,    0) (   0,    0)
          (   0,    0) (   0,    0) (   0,    0) (   0,    0) (   0,    0) (   0,    0) (   0,    0) (   0,    0) (   0,    0) (   0,    0)
          (   0,    0) (   0,    0) (   0,    0) (   0,    0) (   0,    0) (   0,    0) (   0,    0) (   0,    0) (   0,    0) (   0,    0)
          (   0,    0) (   0,    0) (   0,    0) (   0,    0) (   0,    0) (   0,    0) (   0,    0) (   0,    0) (   0,    0) (   0,    0)
          (   0,    0) (   0,    0) (   0,    0) (   0,    0) (   0,    0) (   0,    0) (   0,    0) (   0,    0) (   0,    0) (   0,    0)
          (   0,    0) (   0,    0) (   0,    0) (   0,    0) (   0,    0) (   0,    0) (   0,    0) (   0,    0) (   0,    0) (   0,    0)
          (   0,    0) (   0,    0) (   0,    0) (   0,    0) (   0,    0) (   0,    0) (   0,    0) (   0,    0) (   0,    0) (   0,    0)
          (   0,    0) (   0,    0) (   0,    0) (   0,    0) (   0,    0) (   0,    0) (   0,    0) (   0,    0) (   0,    0) (   0,    0)
          (   0,    0) (   0,    0) (   0,    0) (   0,    0) (   0,    0) (   0,    0) (   0,    0) (   0,    0) (   0,    0) (   0,    0)
          (   0,    0) (   0,    0) (   0,    0) (   0,    0) (   0,    0) (   0,    0) (   0,    0) (   0,    0) (   0,    0) (   0,    0)
          (   0,    0) (   0,    0) (   0,    0) (   0,    0) (   0,    0) (   0,    0) (   0,    0) (   0,    0) (   0,    0) (   0,    0)
          (   0,    0) (   0,    0) (   0,    0) (   0,    0) (   0,    0) (   0,    0) (   0,    0) (   0,    0) (   0,    0) (   0,    0)
          (   0,    0) (   0,    0) (   0,    0) (   0,    0) (   0,    0) (   0,    0) (   0,    0) (   0,    0) (   0,    0) (   0,    0)
         
node   2 sent_total    520  recv_total    527

node   3  (   1,    0) (   0,    0) (   4,    2) (  14,    5) (  16,    9) (  34,   19) (  45,   38) (  12,   19) (  12,   28) (   3,    3)
          (   3,    5) (   4,    3) (   0,    0) (   0,    1) (   7,    1) (   1,    1) (   3,    2) (   4,    4) (   2,    9) (   3,    3)
          (   0,    0) (   1,    0) (   6,    0) (   2,    3) (   0,    0) (   0,    0) (   1,    6) (   0,    0) (   0,    1) (   0,    0)
          (   9,    9) (   4,    3) (   5,    5) (   1,    2) (   0,    0) (   2,    0) (   2,    1) (   1,    1) (   2,    3) (   1,    3)
          (   3,    3) (   2,    1) (   1,    1) (   0,    1) (   2,    2) (   5,    1) (   3,    2) (   4,    4) (   1,    2) (   2,    6)
          (   1,    1) (   1,    0) (   2,    0) (   4,    3) (   0,    0) (   1,    1) (   1,    2) (   1,    3) (   2,    3) (   0,    0)
          (   2,    2) (   3,    2) (   2,    2) (   1,    2) (   0,    0) (   1,    1) (   3,    2) (   3,    3) (   3,    4) (   3,    3)
          (   0,    0) (   4,    1) (   3,    3) (   2,    1) (   8,    8) (   2,    4) (   6,    5) (   0,    2) (   1,    2) (   1,    1)
          (   1,    1) (   2,    1) (   5,    5) (   2,    3) (  10,   10) (   2,    2) (   5,    4) (   2,    2) (   0,    1) (   0,    0)
          (   2,    0) (   3,    2) (   2,    0) (   2,    3) (   2,    4) (   0,    0) (   1,    2) (   0,    0) (   0,    1) (   6,    4)
          (   4,    4) (   5,    4) (   2,    2) (   1,    4) (   0,    0) (   2,    0) (   4,    3) (   2,    2) (   4,    5) (   5,    7)
          (   1,    1) (   2,    1) (   1,    1) (   0,    1) (   4,    4) (   3,    3) (   6,    5) (   1,    1) (   2,    3) (   0,    0)
          (   0,    0) (   3,    0) (   3,    1) (   4,    5) (   3,    3) (   4,    6) (   6,    7) (   0,    0) (   1,    2) (   1,    1)
          (   0,    0) (   4,    3) (   1,    1) (   3,    4) (   1,    1) (   2,    2) (   3,    0) (   0,    0) (   0,    1) (   4,    0)
          (   5,    3) (   2,    1) (   1,    1) (   1,    6) (   2,    6) (   0,    0) (   2,    1) (   1,    1) (   5,    6) (   4,    4)
          (   2,    2) (   2,    1) (   1,    1) (   2,    1) (   2,    2) (   0,    0) (   2,    1) (   1,    3) (   1,    2) (   1,    1)
          (   1,    1) (   1,    0) (   2,    2) (   2,    3) (   1,    1) (   3,    1) (   2,    1) (   2,    2) (   1,    2) (   1,    3)
          (   0,    0) (   1,    0) (   3,    3) (   4,    5) (   6,    6) (   2,    2) (   1,    0) (   0,    0) (   3,    2) (   3,    1)
          (   0,    0) (   3,    2) (   1,    1) (   1,    3) (   1,    1) (   0,    0) (   3,    0) (   4,    0) (   4,    5) (   5,    3)
          (   3,    3) (   4,    4) (   2,    2) (   1,    3) (   1,    1) (   0,    0) (   6,    1) (   5,    1) (   2,    1) (   0,    0)
          (   0,    1) (   1,    3) (   0,    2) (   1,    2) (   0,    0) (   0,    0) (   3,    2) (   2,    2) (   2,    3) (   3,    3)
          (   0,    0) (   2,    1) (   0,    0) (   0,    1) (   3,    3) (   1,    1) (   2,    1) (   2,    2) (   0,    1) (   2,    0)
          (   2,    0) (   3,    0) (   8,    0) (   1,    4) (   2,    4) (   2,    4) (   3,    9) (   0,    0) (   1,    1) (   2,    0)
          (   3,    3) (   6,    1) (   2,    2) (   1,    1) (   0,    0) (   2,    1) (   3,    0) (   2,    2) (   4,    5) (   3,    3)
          (   4,    2) (   4,    1) (   0,    0) (   2,    3) (   0,    0) (   3,    1) (   1,    0) (   0,    0) (   3,    4) (   1,    1)
          (   3,    3) (   1,    0) (   0,    0) (   2,    3) (   2,    2) (   1,    1) (   3,    2) (   1,    1) (   2,    3) (   0,    0)
          (   0,    0) (   2,    1) (   1,    1) (   2,    3) (   2,    2) (   0,    0) (   2,    1) (   0,    0) (   2,    1) (   4,    2)
          (   1,    1) (   3,    0) (   1,    3) (   3,    5) (   0,    0) (   0,    1) (   1,    0) (   1,    1) (   4,    3) (   1,    1)
          (   1,    1) (   2,    1) (   0,    1) (   2,    1) (   0,    0) (   1,    1) (   0,    0) (   0,    0) (   0,    0) (   0,    0)
          (   0,    0) (   0,    0) (   0,    0) (   0,    0) (   0,    0) (   0,    0) (   0,    0) (   0,    0) (   0,    0) (   0,    0)
          (   0,    0) (   0,    0) (   0,    0) (   0,    0) (   0,    0) (   0,    0) (   0,    0) (   0,    0) (   0,    0) (   0,    0)
          (   0,    0) (   0,    0) (   0,    0) (   0,    0) (   0,    0) (   0,    0) (   0,    0) (   0,    0) (   0,    0) (   0,    0)
          (   0,    0) (   0,    0) (   0,    0) (   0,    0) (   0,    0) (   0,    0) (   0,    0) (   0,    0) (   0,    0) (   0,    0)
          (   0,    0) (   0,    0) (   0,    0) (   0,    0) (   0,    0) (   0,    0) (   0,    0) (   0,    0) (   0,    0) (   0,    0)
          (   0,    0) (   0,    0) (   0,    0) (   0,    0) (   0,    0) (   0,    0) (   0,    0) (   0,    0) (   0,    0) (   0,    0)
          (   0,    0) (   0,    0) (   0,    0) (   0,    0) (   0,    0) (   0,    0) (   0,    0) (   0,    0) (   0,    0) (   0,    0)
          (   0,    0) (   0,    0) (   0,    0) (   0,    0) (   0,    0) (   0,    0) (   0,    0) (   0,    0) (   0,    0) (   0,    0)
          (   0,    0) (   0,    0) (   0,    0) (   0,    0) (   0,    0) (   0,    0) (   0,    0) (   0,    0) (   0,    0) (   0,    0)
          (   0,    0) (   0,    0) (   0,    0) (   0,    0) (   0,    0) (   0,    0) (   0,    0) (   0,    0) (   0,    0) (   0,    0)
          (   0,    0) (   0,    0) (   0,    0) (   0,    0) (   0,    0) (   0,    0) (   0,    0) (   0,    0) (   0,    0) (   0,    0)
          (   0,    0) (   0,    0) (   0,    0) (   0,    0) (   0,    0) (   0,    0) (   0,    0) (   0,    0) (   0,    0) (   0,    0)
          (   0,    0) (   0,    0) (   0,    0) (   0,    0) (   0,    0) (   0,    0) (   0,    0) (   0,    0) (   0,    0) (   0,    0)
          (   0,    0) (   0,    0) (   0,    0) (   0,    0) (   0,    0) (   0,    0) (   0,    0) (   0,    0) (   0,    0) (   0,    0)
          (   0,    0) (   0,    0) (   0,    0) (   0,    0) (   0,    0) (   0,    0) (   0,    0) (   0,    0) (   0,    0) (   0,    0)
          (   0,    0) (   0,    0) (   0,    0) (   0,    0) (   0,    0) (   0,    0) (   0,    0) (   0,    0) (   0,    0) (   0,    0)
          (   0,    0) (   0,    0) (   0,    0) (   0,    0) (   0,    0) (   0,    0) (   0,    0) (   0,    0) (   0,    0) (   0,    0)
          (   0,    0) (   0,    0) (   0,    0) (   0,    0) (   0,    0) (   0,    0) (   0,    0) (   0,    0) (   0,    0) (   0,    0)
          (   0,    0) (   0,    0) (   0,    0) (   0,    0) (   0,    0) (   0,    0) (   0,    0) (   0,    0) (   0,    0) (   0,    0)
          (   0,    0) (   0,    0) (   0,    0) (   0,    0) (   0,    0) (   0,    0) (   0,    0) (   0,    0) (   0,    0) (   0,    0)
          (   0,    0) (   0,    0) (   0,    0) (   0,    0) (   0,    0) (   0,    0) (   0,    0) (   0,    0) (   0,    0) (   0,    0)
          (   0,    0) (   0,    0) (   0,    0) (   0,    0) (   0,    0) (   0,    0) (   0,    0) (   0,    0) (   0,    0) (   0,    0)
          (   0,    0) (   0,    0) (   0,    0) (   0,    0) (   0,    0) (   0,    0) (   0,    0) (   0,    0) (   0,    0) (   0,    0)
          (   0,    0) (   0,    0) (   0,    0) (   0,    0) (   0,    0) (   0,    0) (   0,    0) (   0,    0) (   0,    0) (   0,    0)
          (   0,    0) (   0,    0) (   0,    0) (   0,    0) (   0,    0) (   0,    0) (   0,    0) (   0,    0) (   0,    0) (   0,    0)
          (   0,    0) (   0,    0) (   0,    0) (   0,    0) (   0,    0) (   0,    0) (   0,    0) (   0,    0) (   0,    0) (   0,    0)
          (   0,    0) (   0,    0) (   0,    0) (   0,    0) (   0,    0) (   0,    0) (   0,    0) (   0,    0) (   0,    0) (   0,    0)
          (   0,    0) (   0,    0) (   0,    0) (   0,    0) (   0,    0) (   0,    0) (   0,    0) (   0,    0) (   0,    0) (   0,    0)
          (   0,    0) (   0,    0) (   0,    0) (   0,    0) (   0,    0) (   0,    0) (   0,    0) (   0,    0) (   0,    0) (   0,    0)
          (   0,    0) (   0,    0) (   0,    0) (   0,    0) (   0,    0) (   0,    0) (   0,    0) (   0,    0) (   0,    0) (   0,    0)
          (   0,    0) (   0,    0) (   0,    0) (   0,    0) (   0,    0) (   0,    0) (   0,    0) (   0,    0) (   0,    0) (   0,    0)
          (   0,    0) (   0,    0) (   0,    0) (   0,    0) (   0,    0) (   0,    0) (   0,    0) (   0,    0) (   0,    0) (   0,    0)
          (   0,    0) (   0,    0) (   0,    0) (   0,    0) (   0,    0) (   0,    0) (   0,    0) (   0,    0) (   0,    0) (   0,    0)
          (   0,    0) (   0,    0) (   0,    0) (   0,    0) (   0,    0) (   0,    0) (   0,    0) (   0,    0) (   0,    0) (   0,    0)
          (   0,    0) (   0,    0) (   0,    0) (   0,    0) (   0,    0) (   0,    0) (   0,    0) (   0,    0) (   0,    0) (   0,    0)
          (   0,    0) (   0,    0) (   0,    0) (   0,    0) (   0,    0) (   0,    0) (   0,    0) (   0,    0) (   0,    0) (   0,    0)
          (   0,    0) (   0,    0) (   0,    0) (   0,    0) (   0,    0) (   0,    0) (   0,    0) (   0,    0) (   0,    0) (   0,    0)
          (   0,    0) (   0,    0) (   0,    0) (   0,    0) (   0,    0) (   0,    0) (   0,    0) (   0,    0) (   0,    0) (   0,    0)
          (   0,    0) (   0,    0) (   0,    0) (   0,    0) (   0,    0) (   0,    0) (   0,    0) (   0,    0) (   0,    0) (   0,    0)
          (   0,    0) (   0,    0) (   0,    0) (   0,    0) (   0,    0) (   0,    0) (   0,    0) (   0,    0) (   0,    0) (   0,    0)
          (   0,    0) (   0,    0) (   0,    0) (   0,    0) (   0,    0) (   0,    0) (   0,    0) (   0,    0) (   0,    0) (   0,    0)
         
node   3 sent_total    693  recv_total    641

node   4  (   1,    0) (   0,    0) (   2,    1) (   4,    2) (  18,    8) (  40,   25) (  15,   24) (  20,   30) (   8,   19) (   4,    5)
          (   1,    5) (   2,    1) (   0,    0) (   0,    1) (   1,    1) (   3,    1) (   4,    3) (   5,    5) (   4,    5) (   0,    2)
          (   0,    0) (   1,    0) (   1,    1) (   1,    2) (   0,    0) (   2,    2) (   1,    0) (   1,    1) (   1,    2) (   1,    1)
          (   2,    0) (   2,    1) (   0,    0) (   2,    3) (   0,    2) (   0,    0) (   1,    0) (   2,    2) (   4,    1) (   2,    0)
          (   2,    2) (   5,    4) (   2,    6) (   2,    5) (   1,    1) (   1,    1) (   2,    1) (   1,    1) (   1,    2) (   0,    0)
          (   2,    0) (   2,    1) (   0,    0) (   1,    2) (   3,    5) (   2,    2) (   3,    0) (   1,    1) (   1,    2) (   3,    3)
          (   1,    3) (   1,    0) (   1,    1) (   2,    1) (   2,    2) (   2,    0) (   6,    5) (   1,    3) (   3,    4) (   1,    3)
          (   0,    0) (   5,    0) (   1,    1) (   1,    2) (   6,    4) (   1,    5) (   4,    3) (   0,    0) (   0,    3) (   2,    2)
          (   0,    0) (   1,    0) (   0,    0) (   2,    3) (   3,    3) (   4,    4) (   2,    1) (   1,    1) (   0,    1) (   0,    0)
          (   2,    0) (   3,    0) (   0,    0) (   3,    2) (   1,    3) (   0,    2) (   2,    1) (   2,    4) (   1,    2) (   5,    3)
          (   4,    4) (   6,    5) (   2,    2) (   0,    3) (   0,    0) (   0,    0) (   2,    1) (   4,    2) (   2,    3) (   1,    1)
          (   1,    1) (   1,    2) (   0,    0) (   0,    1) (   4,    2) (   4,    4) (   7,    6) (   0,    0) (   6,    9) (   0,    0)
          (   0,    0) (   3,    0) (   0,    0) (  13,    2) (   0,    0) (   2,    4) (   1,    0) (   1,   13) (   0,    1) (   0,    0)
          (   2,    0) (   4,    3) (   0,    0) (   1,    2) (   4,    6) (   0,    0) (   2,    1) (   2,    2) (   0,    1) (   6,    2)
          (   3,    3) (   4,    3) (   3,    3) (   1,    6) (   0,    0) (   2,    0) (   1,    0) (   4,    4) (   1,    2) (   4,    6)
          (   1,    1) (   2,    1) (   0,    0) (   0,    1) (   1,    1) (   2,    2) (   1,    0) (   1,    1) (   0,    1) (   3,    3)
          (   0,    0) (   4,    3) (   0,    0) (   4,    5) (   0,    0) (   1,    1) (   2,    1) (   0,    0) (   0,    1) (   1,    1)
          (   0,    0) (   3,    0) (   3,    3) (   4,    5) (   6,    4) (   2,    4) (   1,    0) (   2,    2) (   0,    3) (   1,    1)
          (   1,    1) (   2,    1) (   1,    1) (   2,    1) (   1,    1) (   0,    0) (   2,    1) (   1,    1) (   4,    3) (   2,    0)
          (   2,    2) (   3,    2) (   0,    0) (   3,    4) (   0,    0) (   1,    1) (   1,    0) (   1,    1) (   5,    6) (   1,    1)
          (   3,    3) (   1,    0) (   1,    1) (   0,    1) (   1,    1) (   1,    1) (   3,    2) (   3,    3) (   5,    6) (   1,    1)
          (   2,    2) (   1,    0) (   0,    0) (   2,    2) (   1,    1) (   4,    0) (   1,    0) (   0,    0) (   2,    3) (   0,    2)
          (   0,    0) (   1,    0) (   2,    2) (   4,    4) (   7,    7) (   4,    4) (   3,    2) (   0,    0) (   1,    2) (   1,    1)
          (   3,    3) (   8,    3) (   2,    2) (   1,    2) (   0,    0) (   1,    1) (   5,    0) (   3,    3) (   2,    3) (   4,    4)
          (   2,    2) (   5,    0) (   6,    6) (   0,    1) (   0,    0) (   0,    0) (   1,    0) (  10,    0) (   2,    2) (   7,    7)
          (   1,    1) (   1,    8) (   0,    0) (   0,    1) (   1,    1) (   0,    0) (   2,    1) (   0,    0) (   0,    0) (   1,    1)
          (   0,    0) (   4,    1) (   2,    2) (   1,    1) (   1,    1) (   0,    1) (   1,    0) (   1,    1) (   1,    1) (   2,    2)
          (   2,    0) (   2,    1) (   2,    2) (   0,    1) (   1,    2) (   0,    0) (   1,    0) (   3,    1) (   0,    1) (   3,    1)
          (   1,    1) (   1,    1) (   1,    1) (   0,    3) (   1,    1) (   2,    0) (   2,    1) (   1,    1) (   2,    3) (   1,    1)
          (   0,    0) (   2,    1) (   0,    0) (   6,    5) (   2,    2) (   1,    1) (   1,    0) (   0,    0) (   7,    1) (   3,    1)
          (   0,    0) (   2,    1) (   0,    2) (   4,    2) (   1,    1) (   1,    1) (   1,    0) (   0,    0) (   2,    2) (   3,    3)
          (   2,    2) (   3,    2) (   1,    1) (   2,    3) (   0,    0) (   1,    1) (   2,    1) (   0,    0) (   1,    1) (   1,    1)
          (   2,    2) (   5,    2) (   2,    2) (   1,    2) (   1,    1) (   0,    2) (   1,    0) (   0,    0) (   0,    0) (   5,    3)
          (   5,    3) (   4,    3) (   2,    2) (   1,    3) (   1,    2) (   2,    0) (   1,    0) (   2,    2) (   3,    1) (   2,    2)
          (   2,    2) (   1,    0) (   1,    3) (   1,    1) (   0,    0) (   0,    0) (   2,    1) (   3,    1) (   2,    3) (   1,    1)
          (   0,    0) (   1,    1) (   0,    0) (   3,    1) (   2,    0) (   2,    2) (   1,    0) (   0,    0) (   0,    3) (   1,    1)
          (   0,    0) (   1,    0) (   1,    1) (   3,    4) (   3,    3) (   1,    1) (   2,    1) (   0,    0) (   2,    0) (   4,    2)
          (   0,    0) (   4,    1) (   0,    0) (   0,    1) (   1,    1) (   0,    1) (   3,    0) (   0,    0) (   0,    1) (   4,    0)
          (   1,    1) (   1,    0) (   1,    1) (   0,    3) (   2,    2) (   0,    0) (   1,    0) (   2,    2) (   2,    3) (   2,    2)
          (   0,    0) (   1,    0) (   0,    0) (   0,    1) (   0,    0) (   0,    0) (   3,    2) (   3,    3) (   3,    4) (   2,    2)
          (   0,    0) (   1,    0) (   2,    0) (   0,    1) (   0,    0) (   2,    2) (   1,    1) (   0,    0) (   1,    2) (   0,    0)
          (   0,    0) (   4,    1) (   0,    0) (   5,    4) (   5,    5) (   2,    2) (   2,    1) (   0,    1) (   0,    1) (   1,    1)
          (   0,    0) (   4,    3) (   4,    4) (   3,    4) (   1,    1) (   1,    1) (   5,    0) (   0,    0) (   4,    2) (   2,    0)
          (   2,    2) (   2,    1) (   1,    2) (   0,    0) (   0,    0) (   2,    0) (   5,    0) (   4,    0) (   2,    2) (   0,    2)
          (   1,    3) (   1,    3) (   0,    0) (   3,    1) (   1,    1) (   3,    3) (   3,    0) (   1,    2) (   1,    2) (   1,    1)
          (   0,    2) (   1,    0) (   1,    1) (   3,    2) (   4,    2) (   1,    1) (   1,    0) (   0,    1) (   0,    2) (   0,    0)
          (   2,    0) (   1,    0) (   2,    0) (   6,    0) (   2,    3) (   3,    3) (   1,    1) (   2,    7) (   1,    2) (   0,    0)
          (   0,    0) (   1,    0) (   6,    0) (   1,    2) (   4,    4) (   5,    5) (   3,    5) (   3,    3) (   1,    2) (   0,    0)
          (   2,    0) (   3,    0) (   4,    0) (   2,    0) (   1,    2) (   1,    2) (   2,    2) (   1,    2) (   0,    0) (   0,    0)
          (   2,    0) (   1,    0) (   8,    0) (   1,    2) (   1,    3) (   0,    0) (   1,    4) (   0,    0) (   1,    1) (   1,    1)
          (   6,    6) (   5,    4) (   2,    2) (   0,    1) (   0,    0) (   6,    0) (   3,    0) (   0,    0) (   2,    0) (   0,    3)
          (   1,    2) (   1,    0) (   1,    2) (   0,    0) (   2,    0) (   3,    1) (   2,    1) (   0,    0) (   1,    4) (   0,    2)
          (   0,    0) (   1,    0) (   0,    0) (   3,    1) (   3,    3) (   3,    3) (   5,    4) (   1,    1) (   0,    1) (   0,    0)
          (   2,    0) (   3,    2) (   1,    1) (   3,    4) (   2,    3) (   1,    1) (   1,    0) (   0,    0) (   3,    1) (   5,    1)
          (   2,    2) (   1,    0) (   1,    3) (   0,    2) (   0,    0) (   0,    0) (   1,    0) (   3,    1) (   0,    0) (   2,    2)
          (   2,    2) (   1,    1) (   0,    0) (   0,    1) (   2,    2) (   0,    0) (   3,    2) (   0,    0) (   1,    1) (   3,    1)
          (   1,    1) (   1,    0) (   1,    1) (   1,    2) (   5,    1) (   1,    1) (   1,    0) (   0,    0) (   1,    6) (   1,    1)
          (   0,    0) (   1,    0) (   0,    0) (   3,    1) (   2,    0) (   0,    0) (   3,    2) (   1,    2) (   2,    3) (   1,    1)
          (   0,    0) (   5,    0) (   0,    0) (   1,    2) (   1,    1) (   0,    2) (   1,    0) (   0,    0) (   1,    2) (   4,    2)
          (   2,    2) (   2,    1) (   1,    1) (   2,    3) (   0,    0) (   0,    0) (   2,    1) (   2,    2) (   5,    3) (   4,    4)
          (   1,    1) (   1,    0) (   0,    2) (   2,    0) (   2,    0) (   0,    0) (   2,    1) (   0,    1) (   0,    1) (   1,    1)
          (   0,    0) (   5,    2) (   0,    0) (   2,    3) (   0,    0) (   0,    1) (   3,    0) (   0,    0) (   3,    1) (   1,    1)
          (   1,    2) (   2,    1) (   0,    2) (   1,    1) (   3,    3) (   1,    1) (   1,    0) (   2,    0) (   2,    0) (   5,    1)
          (   1,    1) (   1,    1) (   0,    1) (   0,    3) (   0,    0) (   0,    0) (   2,    1) (   5,    5) (   3,    3) (   1,    1)
          (   0,    0) (   3,    0) (   1,    1) (   1,    2) (   2,    2) (   2,    4) (   1,    0) (   2,    2) (   0,    1) (   1,    1)
          (   2,    0) (   1,    0) (   5,    5) (   2,    3) (   6,    7) (   1,    1) (   1,    0) (   0,    0) (   2,    0) (   6,    0)
          (   2,    2) (   4,    3) (   2,    4) (   3,    6) (   0,    0) (   0,    0) (   1,    0) (   2,    0) (   3,    2) (   1,    1)
          (   1,    1) (   2,    2) (   0,    1) (   0,    1) (   0,    0) (   0,    0) (   5,    0) (   2,    0) (   2,    2) (   1,    1)
          (   1,    4) (   1,    0) (   0,    0) (   1,    1) (   0,    0) (   8,    0) (   1,    0) (   0,    0) (   2,    1) (   0,    5)
          (   0,    0) (   1,    0) (   0,    0) (   1,    1) (   1,    1) (   4,    4) (   2,    1) (   0,    0) (   2,    3) (   0,    0)
         
node   4 sent_total   1248  recv_total   1083

node   5  (   0,    0) (   1,    0) (   4,    1) (   4,    2) (  32,   15) (  32,   26) (  16,   25) (  25,   34) (   5,   14) (  10,   14)
          (   4,    8) (   1,    3) (   2,    1) (   0,    0) (   0,    1) (   1,    1) (   2,    2) (   7,    6) (   2,    2) (   0,    1)
          (   0,    0) (   2,    0) (   9,    0) (   2,    2) (   2,    1) (   3,    5) (   0,    8) (   2,    1) (   0,    2) (   2,    3)
          (   3,    1) (   2,    2) (   3,    2) (   1,    1) (   0,    3) (   1,    1) (   0,    0) (   5,    2) (   1,    1) (   5,    4)
          (   3,    3) (   1,    3) (   2,    1) (   0,    2) (   2,    3) (   0,    0) (   2,    2) (   4,    1) (   3,    1) (   1,    2)
          (   0,    0) (   1,    3) (   1,    2) (   2,    2) (   1,    2) (   2,    2) (   3,    3) (   3,    2) (   2,    2) (   0,    1)
          (   1,    1) (   1,    1) (   3,    2) (   0,    0) (   1,    2) (   3,    1) (   3,    3) (   2,    1) (   1,    1) (   0,    3)
          (   1,    1) (   0,    0) (   2,    1) (   1,    1) (   4,    3) (   4,    4) (   3,    3) (   2,    1) (   2,    4) (   0,    1)
          (   1,    1) (   1,    1) (   5,    0) (   3,    1) (   1,    2) (   2,    2) (   1,    5) (   1,    2) (   0,    0) (   0,    1)
          (   2,    0) (   5,    3) (   2,    1) (   5,    5) (   2,    5) (   2,    4) (   1,    1) (   1,    0) (   4,    0) (   7,    6)
          (   0,    0) (   7,    7) (   1,    4) (   0,    2) (   0,    1) (   0,    0) (   2,    0) (   5,    4) (   4,    4) (   5,    6)
          (   4,    6) (   0,    0) (   1,    0) (   4,    0) (   1,    2) (   2,    0) (   1,    1) (   4,    7) (   0,    0) (   1,    4)
          (   0,    0) (   0,    0) (   5,    0) (   1,    1) (   5,    2) (   3,    3) (   1,    5) (   1,    0) (   0,    4) (   0,    1)
          (   0,    0) (   5,    5) (  12,   11) (   9,    9) (   2,    3) (   3,    3) (   1,    1) (   1,    0) (   4,    0) (   2,    1)
          (   2,    2) (   3,    3) (   4,    7) (   1,    3) (   1,    2) (   0,    0) (   1,    1) (   4,    1) (   3,    3) (   2,    3)
          (   1,    1) (   0,    2) (   1,    0) (   2,    2) (   2,    3) (   2,    2) (   5,    3) (   3,    2) (   2,    2) (   0,    1)
          (   1,    3) (   2,    2) (   2,    1) (   4,    4) (   1,    2) (   5,    5) (   1,    1) (   3,    2) (   1,    1) (   0,    1)
          (   0,    0) (   2,    0) (   4,    3) (   4,    4) (   4,    5) (   2,    4) (   2,    2) (   1,    0) (   2,    2) (   4,    3)
          (   2,    2) (   3,    1) (   3,    2) (   1,    3) (   1,    2) (   1,    1) (   2,    0) (   6,    1) (   2,    2) (   4,    5)
          (   3,    3) (   3,    5) (   2,    1) (   1,    1) (   0,    1) (   1,    1) (   2,    0) (   3,    2) (   1,    1) (   2,    3)
          (   4,    5) (   1,    1) (   2,    1) (   0,    0) (   2,    1) (   6,    0) (   0,    0) (   4,    3) (   1,    2) (   5,   11)
          (   1,    1) (   1,    1) (   1,    0) (   0,    0) (   3,    2) (   2,    2) (   4,    4) (   4,    3) (   2,    4) (   0,    1)
          (   0,    0) (   0,    0) (   5,    0) (   8,    0) (   2,    3) (   2,    2) (   0,    0) (   0,    0) (   0,    0) (   0,    0)
          (   0,    0) (   0,    0) (   0,    0) (   0,    0) (   0,    0) (   0,    0) (   0,    0) (   0,    0) (   0,    0) (   0,    0)
          (   0,    0) (   0,    0) (   0,    0) (   0,    0) (   0,    0) (   0,    0) (   0,    0) (   0,    0) (   0,    0) (   0,    0)
          (   0,    0) (   0,    0) (   0,    0) (   0,    0) (   0,    0) (   0,    0) (   0,    0) (   0,    0) (   0,    0) (   0,    0)
          (   0,    0) (   0,    0) (   0,    0) (   0,    0) (   0,    0) (   0,    0) (   0,    0) (   0,    0) (   0,    0) (   0,    0)
          (   0,    0) (   0,    0) (   0,    0) (   0,    0) (   0,    0) (   0,    0) (   0,    0) (   0,    0) (   0,    0) (   0,    0)
          (   0,    0) (   0,    0) (   0,    0) (   0,    0) (   0,    0) (   0,    0) (   0,    0) (   0,    0) (   0,    0) (   0,    0)
          (   0,    0) (   0,    0) (   0,    0) (   0,    0) (   0,    0) (   0,    0) (   0,    0) (   0,    0) (   0,    0) (   0,    0)
          (   0,    0) (   0,    0) (   0,    0) (   0,    0) (   0,    0) (   0,    0) (   0,    0) (   0,    0) (   0,    0) (   0,    0)
          (   0,    0) (   0,    0) (   0,    0) (   0,    0) (   0,    0) (   0,    0) (   0,    0) (   0,    0) (   0,    0) (   0,    0)
          (   0,    0) (   0,    0) (   0,    0) (   0,    0) (   0,    0) (   0,    0) (   0,    0) (   0,    0) (   0,    0) (   0,    0)
          (   0,    0) (   0,    0) (   0,    0) (   0,    0) (   0,    0) (   0,    0) (   0,    0) (   0,    0) (   0,    0) (   0,    0)
          (   0,    0) (   0,    0) (   0,    0) (   0,    0) (   0,    0) (   0,    0) (   0,    0) (   0,    0) (   0,    0) (   0,    0)
          (   0,    0) (   0,    0) (   0,    0) (   0,    0) (   0,    0) (   0,    0) (   0,    0) (   0,    0) (   0,    0) (   0,    0)
          (   0,    0) (   0,    0) (   0,    0) (   0,    0) (   0,    0) (   0,    0) (   0,    0) (   0,    0) (   0,    0) (   0,    0)
          (   0,    0) (   0,    0) (   0,    0) (   0,    0) (   0,    0) (   0,    0) (   0,    0) (   0,    0) (   0,    0) (   0,    0)
          (   0,    0) (   0,    0) (   0,    0) (   0,    0) (   0,    0) (   0,    0) (   0,    0) (   0,    0) (   0,    0) (   0,    0)
          (   0,    0) (   0,    0) (   0,    0) (   0,    0) (   0,    0) (   0,    0) (   0,    0) (   0,    0) (   0,    0) (   0,    0)
          (   0,    0) (   0,    0) (   0,    0) (   0,    0) (   0,    0) (   0,    0) (   0,    0) (   0,    0) (   0,    0) (   0,    0)
          (   0,    0) (   0,    0) (   0,    0) (   0,    0) (   0,    0) (   0,    0) (   0,    0) (   0,    0) (   0,    0) (   0,    0)
          (   0,    0) (   0,    0) (   0,    0) (   0,    0) (   0,    0) (   0,    0) (   0,    0) (   0,    0) (   0,    0) (   0,    0)
          (   0,    0) (   0,    0) (   0,    0) (   0,    0) (   0,    0) (   0,    0) (   0,    0) (   0,    0) (   0,    0) (   0,    0)
          (   0,    0) (   0,    0) (   0,    0) (   0,    0) (   0,    0) (   0,    0) (   0,    0) (   0,    0) (   0,    0) (   0,    0)
          (   0,    0) (   0,    0) (   0,    0) (   0,    0) (   0,    0) (   0,    0) (   0,    0) (   0,    0) (   0,    0) (   0,    0)
          (   0,    0) (   0,    0) (   0,    0) (   0,    0) (   0,    0) (   0,    0) (   0,    0) (   0,    0) (   0,    0) (   0,    0)
          (   0,    0) (   0,    0) (   0,    0) (   0,    0) (   0,    0) (   0,    0) (   0,    0) (   0,    0) (   0,    0) (   0,    0)
          (   0,    0) (   0,    0) (   0,    0) (   0,    0) (   0,    0) (   0,    0) (   0,    0) (   0,    0) (   0,    0) (   0,    0)
          (   0,    0) (   0,    0) (   0,    0) (   0,    0) (   0,    0) (   0,    0) (   0,    0) (   0,    0) (   0,    0) (   0,    0)
          (   0,    0) (   0,    0) (   0,    0) (   0,    0) (   0,    0) (   0,    0) (   0,    0) (   0,    0) (   0,    0) (   0,    0)
          (   0,    0) (   0,    0) (   0,    0) (   0,    0) (   0,    0) (   0,    0) (   0,    0) (   0,    0) (   0,    0) (   0,    0)
          (   0,    0) (   0,    0) (   0,    0) (   0,    0) (   0,    0) (   0,    0) (   0,    0) (   0,    0) (   0,    0) (   0,    0)
          (   0,    0) (   0,    0) (   0,    0) (   0,    0) (   0,    0) (   0,    0) (   0,    0) (   0,    0) (   0,    0) (   0,    0)
          (   0,    0) (   0,    0) (   0,    0) (   0,    0) (   0,    0) (   0,    0) (   0,    0) (   0,    0) (   0,    0) (   0,    0)
          (   0,    0) (   0,    0) (   0,    0) (   0,    0) (   0,    0) (   0,    0) (   0,    0) (   0,    0) (   0,    0) (   0,    0)
          (   0,    0) (   0,    0) (   0,    0) (   0,    0) (   0,    0) (   0,    0) (   0,    0) (   0,    0) (   0,    0) (   0,    0)
          (   0,    0) (   0,    0) (   0,    0) (   0,    0) (   0,    0) (   0,    0) (   0,    0) (   0,    0) (   0,    0) (   0,    0)
          (   0,    0) (   0,    0) (   0,    0) (   0,    0) (   0,    0) (   0,    0) (   0,    0) (   0,    0) (   0,    0) (   0,    0)
          (   0,    0) (   0,    0) (   0,    0) (   0,    0) (   0,    0) (   0,    0) (   0,    0) (   0,    0) (   0,    0) (   0,    0)
          (   0,    0) (   0,    0) (   0,    0) (   0,    0) (   0,    0) (   0,    0) (   0,    0) (   0,    0) (   0,    0) (   0,    0)
          (   0,    0) (   0,    0) (   0,    0) (   0,    0) (   0,    0) (   0,    0) (   0,    0) (   0,    0) (   0,    0) (   0,    0)
          (   0,    0) (   0,    0) (   0,    0) (   0,    0) (   0,    0) (   0,    0) (   0,    0) (   0,    0) (   0,    0) (   0,    0)
          (   0,    0) (   0,    0) (   0,    0) (   0,    0) (   0,    0) (   0,    0) (   0,    0) (   0,    0) (   0,    0) (   0,    0)
          (   0,    0) (   0,    0) (   0,    0) (   0,    0) (   0,    0) (   0,    0) (   0,    0) (   0,    0) (   0,    0) (   0,    0)
          (   0,    0) (   0,    0) (   0,    0) (   0,    0) (   0,    0) (   0,    0) (   0,    0) (   0,    0) (   0,    0) (   0,    0)
          (   0,    0) (   0,    0) (   0,    0) (   0,    0) (   0,    0) (   0,    0) (   0,    0) (   0,    0) (   0,    0) (   0,    0)
          (   0,    0) (   0,    0) (   0,    0) (   0,    0) (   0,    0) (   0,    0) (   0,    0) (   0,    0) (   0,    0) (   0,    0)
          (   0,    0) (   0,    0) (   0,    0) (   0,    0) (   0,    0) (   0,    0) (   0,    0) (   0,    0) (   0,    0) (   0,    0)
          (   0,    0) (   0,    0) (   0,    0) (   0,    0) (   0,    0) (   0,    0) (   0,    0) (   0,    0) (   0,    0) (   0,    0)
         
node   5 sent_total    588  recv_total    575

node   6  (   0,    0) (   1,    0) (   0,    0) (  16,    6) (  26,   12) (  16,   14) (  26,   29) (  15,   24) (   2,   13) (   9,   13)
          (   0,    2) (   1,    3) (   1,    2) (   0,    0) (   0,    1) (   2,    2) (   9,    9) (  10,    9) (   6,    6) (   1,    2)
          (   0,    0) (   2,    0) (   5,    0) (   5,    3) (   1,    2) (   4,    6) (   1,    5) (   3,    4) (   2,    0) (   3,    4)
          (   1,    1) (   2,    2) (   2,    3) (   1,    1) (   1,    2) (   0,    0) (   1,    1) (   2,    1) (   5,    5) (   4,    3)
          (   4,    4) (   3,    3) (   2,    1) (   0,    2) (   0,    1) (   5,    1) (   3,    1) (   2,    1) (   4,    2) (   1,    6)
          (   1,    3) (   1,    1) (   2,    3) (   0,    0) (   2,    1) (   1,    1) (   3,    3) (   4,    1) (   1,    3) (   1,    2)
          (   0,    0) (   2,    4) (   2,    1) (   0,    0) (   1,    2) (   2,    2) (   4,    2) (   3,    0) (   1,    1) (   1,    2)
          (   0,    2) (   0,    2) (   1,    0) (   1,    1) (   2,    3) (   2,    2) (   2,    2) (   3,    2) (   2,    2) (   0,    1)
          (   0,    0) (   0,    0) (   6,    3) (   4,    0) (   2,    3) (   2,    2) (   0,    2) (   1,    4) (   1,    1) (   0,    1)
          (   1,    1) (   1,    1) (   4,    3) (   5,    5) (   2,    3) (   1,    1) (   0,    0) (   3,    0) (  10,    0) (   1,    2)
          (   3,    3) (   1,    3) (   4,   13) (   0,    0) (   0,    1) (   2,    0) (   0,    0) (   8,    1) (   3,    3) (   1,    4)
          (   3,    3) (   0,    6) (   1,    0) (   0,    0) (   3,    2) (   6,    6) (   2,    2) (   1,    0) (   2,    4) (   0,    1)
          (   0,    0) (   0,    0) (   1,    0) (   7,    3) (   2,    1) (   6,    6) (   2,    2) (   4,    7) (   0,    2) (   1,    2)
          (   2,    0) (   2,    0) (   3,    2) (   1,    1) (   0,    3) (   0,    2) (   0,    0) (   4,    1) (   2,    0) (   1,    2)
          (   9,    7) (   4,    6) (   8,    9) (   1,    1) (   0,    3) (   0,    0) (   2,    0) (   9,    0) (   0,    0) (   0,    1)
          (   2,    4) (   0,    8) (   2,    1) (   1,    1) (   0,    1) (   4,    4) (   1,    1) (   3,    0) (   0,    0) (   0,    1)
          (   4,    0) (   0,    2) (   2,    1) (   0,    0) (   2,    7) (   2,    2) (   0,    0) (   2,    1) (   0,    0) (   0,    1)
          (   0,    0) (   0,    0) (   5,    4) (   5,    5) (   6,    7) (   3,    3) (   2,    2) (   1,    0) (   2,    0) (   1,    2)
          (   2,    0) (   2,    0) (   2,    3) (   1,    1) (   3,    3) (   0,    2) (   0,    0) (   2,    1) (   1,    1) (   5,    4)
          (   2,    2) (   0,    0) (   1,    0) (   2,    0) (   4,    3) (   1,    1) (   1,    1) (   2,    3) (   1,    1) (   2,    3)
          (   2,    0) (   2,    0) (   4,    3) (   0,    0) (   0,    2) (   0,    1) (   0,    0) (   4,    1) (   0,    0) (   1,    2)
          (   2,    2) (   0,    2) (   1,    0) (   0,    0) (   1,    2) (   3,    1) (   2,    2) (   2,    1) (   0,    0) (   0,    3)
          (   0,    0) (   0,    0) (   3,    0) (   1,    1) (   7,    8) (   1,    1) (   2,    4) (   2,    1) (   0,    0) (   2,    0)
          (   2,    2) (   9,    3) (   6,    3) (   1,    2) (   1,    2) (   2,    4) (   3,    1) (   3,    0) (   2,    2) (   0,    1)
          (   3,    3) (   2,    0) (   4,    1) (   2,    2) (   1,    1) (   0,    0) (   1,    1) (   4,    1) (   2,    0) (   2,    3)
          (   0,    0) (   0,    2) (   1,    0) (   0,    0) (   2,    1) (   2,    2) (   0,    0) (   3,    2) (   1,    3) (   0,    0)
          (   3,    1) (   1,    1) (   2,    1) (   1,    1) (   0,    3) (   0,    0) (   2,    0) (   3,    0) (   1,    1) (   2,    3)
          (   3,    3) (   2,    4) (   4,    3) (   1,    1) (   0,    1) (   0,    0) (   4,    0) (   4,    1) (   1,    1) (   0,    1)
          (   0,    3) (   0,    1) (   1,    0) (   0,    0) (   0,    1) (   3,    3) (   2,    2) (   3,    2) (   0,    0) (   2,    2)
          (   0,    0) (   4,    0) (   2,    1) (   0,    0) (   3,    3) (   0,    1) (   2,    0) (   1,    0) (   0,    0) (   1,    2)
          (   1,    1) (   2,    0) (   3,    2) (   0,    0) (   2,    0) (   2,    0) (   0,    0) (   7,    0) (   0,    0) (   0,    2)
          (   0,    0) (   0,    4) (   1,    0) (   0,    0) (   2,    3) (   3,    3) (   2,    2) (   2,    1) (   0,    0) (   2,    0)
          (   3,    1) (   0,    0) (   2,    1) (   0,    1) (   0,    2) (   0,    0) (   0,    0) (   1,    0) (   6,    0) (   2,    2)
          (   3,    3) (   3,    3) (   2,    3) (   0,    0) (   0,    0) (   2,    0) (   2,    0) (   7,    0) (   1,    1) (   3,    5)
          (   1,    3) (   2,    5) (   1,    0) (   0,    0) (   1,    2) (   0,    0) (   3,    1) (   4,    3) (   1,    1) (   1,    1)
          (   0,    1) (   0,    0) (   1,    0) (   2,    0) (   6,    2) (   1,    1) (   2,    2) (   2,    2) (   1,    3) (   0,    1)
          (   0,    0) (   0,    0) (   3,    0) (   6,    0) (   0,    1) (   0,    0) (   0,    1) (   1,    3) (   0,    0) (   1,    2)
          (   1,    1) (   3,    3) (   4,    1) (   0,    0) (   1,    2) (   0,    0) (   1,    3) (   1,    0) (   0,    0) (   0,    1)
          (   3,    3) (   2,    2) (   2,    1) (   1,    1) (   0,    1) (   4,    0) (   0,    0) (   3,    2) (   2,    0) (   3,    4)
          (   0,    0) (   0,    0) (   1,    1) (   0,    0) (   0,    1) (   1,    1) (   0,    0) (   5,    4) (   2,    2) (   1,    1)
          (   0,    0) (   0,    0) (   3,    0) (   4,    0) (   1,    1) (   2,    2) (   0,    1) (   3,    5) (   0,    0) (   0,    1)
          (   0,    0) (   0,    0) (   7,    0) (   2,    2) (   2,    1) (   2,    2) (   0,    5) (   2,    1) (   0,    1) (   0,    1)
          (   1,    1) (   0,    0) (   2,    1) (   1,    1) (   1,    1) (   0,    0) (   0,    0) (   3,    0) (   1,    1) (   3,    2)
          (   0,    0) (   1,    2) (   2,    1) (   0,    1) (   1,    2) (   0,    0) (   0,    0) (   4,    3) (   1,    1) (   1,    2)
          (   1,    1) (   0,    0) (   1,    0) (   3,    1) (   5,    3) (   1,    1) (   5,    5) (   2,    1) (   0,    1) (   0,    1)
          (   2,    0) (   0,    0) (   2,    1) (   0,    0) (   3,    3) (   1,    1) (   2,    2) (   1,    0) (   1,    1) (   0,    1)
          (   0,    0) (   1,    1) (   2,    1) (   5,    1) (   6,    2) (   2,    2) (   3,    3) (   2,    3) (   1,    2) (   0,    0)
          (   0,    0) (   0,    0) (   3,    0) (   5,    1) (   1,    1) (   4,    4) (   1,    1) (   3,    3) (   1,    1) (   0,    1)
          (   0,    0) (   0,    0) (   5,    0) (   3,    1) (   2,    3) (   2,    2) (   2,    3) (   1,    1) (   1,    1) (   0,    1)
          (   1,    1) (   3,    3) (   2,    1) (   4,    4) (   0,    1) (   2,    2) (   0,    0) (   1,    0) (   4,    0) (   0,    0)
          (   5,    1) (   1,    1) (   3,    5) (   0,    0) (   1,    5) (   0,    0) (   1,    1) (   4,    1) (   1,    1) (   4,    3)
          (   1,    1) (   1,    3) (   1,    0) (   0,    2) (   3,    1) (   0,    0) (   1,    1) (   2,    1) (   0,    1) (   0,    0)
          (   0,    0) (   0,    0) (   5,    0) (   4,    4) (   3,    3) (   7,    7) (   0,    2) (   3,    2) (   0,    0) (   0,    0)
          (   4,    0) (   1,    1) (   1,    0) (   2,    2) (   0,    4) (   0,    0) (   0,    0) (   1,    0) (   0,    0) (   5,    1)
          (   1,    1) (   3,    3) (   2,    1) (   0,    2) (   0,    1) (   0,    0) (   0,    0) (   1,    0) (   3,    1) (   1,    2)
          (   4,    4) (   0,    0) (   1,    2) (   0,    0) (   1,    1) (   2,    0) (   1,    1) (   1,    0) (   0,    0) (   2,    2)
          (   1,    1) (   0,    0) (   2,    1) (   2,    4) (   2,    2) (   5,    5) (   0,    0) (   4,    3) (   0,    0) (   0,    1)
          (   4,    0) (   0,    0) (   2,    1) (   0,    0) (   1,    3) (   0,    0) (   0,    0) (   7,    0) (   1,    1) (   0,    0)
          (   0,    0) (   0,    2) (   3,    2) (   2,    0) (   2,    2) (   3,    3) (   1,    1) (   3,    0) (   0,    0) (   2,    1)
          (   2,    0) (   0,    2) (   1,    0) (   0,    2) (   0,    2) (   0,    0) (   0,    0) (   2,    1) (   2,    2) (   3,    3)
          (   2,    2) (   1,    1) (   1,    0) (   0,    0) (   6,    0) (   1,    1) (   0,    0) (   2,    1) (   0,    4) (   0,    0)
          (   2,    0) (   0,    0) (   3,    2) (   1,    1) (   0,    1) (   1,    1) (   0,    0) (   3,    2) (   0,    0) (   2,    2)
          (   3,    1) (   1,    1) (   3,    0) (   0,    0) (   2,    2) (   1,    1) (   0,    1) (   1,    0) (   0,    0) (   2,    1)
          (   4,    2) (   0,    0) (   2,    1) (   0,    1) (   1,    3) (   2,    0) (   1,    1) (   1,    0) (   3,    3) (   0,    0)
          (   1,    1) (   2,    0) (   2,    1) (   4,    0) (   1,    1) (   2,    1) (   1,    1) (   1,    2) (   0,    0) (   0,    1)
          (   0,    0) (   2,    0) (   3,    2) (   3,    3) (   3,    4) (   1,    3) (   0,    0) (   2,    1) (   0,    0) (   2,    1)
          (   5,    1) (   0,    0) (   2,    1) (   0,    1) (   0,    3) (   0,    0) (   0,    0) (   2,    1) (   3,    3) (   2,    3)
          (   3,    3) (   1,    1) (   1,    0) (   0,    0) (   1,    2) (   0,    0) (   0,    0) (   1,    0) (   2,    2) (   1,    1)
          (   1,    1) (   0,    0) (   1,    0) (   3,    1) (   2,    1) (   0,    0) (   2,    2) (   3,    2) (   2,    2) (   0,    1)
          (   0,    0) (   0,    0) (   5,    0) (   4,    0) (   1,    2) (   1,    1) (   1,    4) (   2,    4) (   1,    1) (   0,    1)
         
node   6 sent_total   1233  recv_total   1068

node   7  (   0,    0) (   1,    0) (   4,    1) (   8,    3) (  12,    5) (  34,   23) (  29,   27) (  24,   30) (   6,   18) (   5,    6)
          (   2,    4) (   0,    4) (   1,    2) (   1,    1) (   0,    1) (   5,    3) (   6,    6) (   7,    6) (   3,    3) (   1,    4)
          (   0,    0) (   0,    0) (   4,    1) (   4,    4) (   3,    4) (   5,    5) (   1,    3) (   2,    1) (   2,    0) (   0,    1)
          (   2,    0) (   2,    2) (   1,    2) (   3,    3) (   1,    4) (   0,    0) (   0,    0) (   3,    0) (   4,    0) (   2,    1)
          (   1,    1) (   1,    3) (   3,    6) (   1,    3) (   1,    2) (   0,    0) (   4,    4) (   5,    2) (   4,    4) (   0,    1)
          (   0,    0) (   1,    3) (   1,    0) (   1,    1) (   0,    1) (   2,    2) (   2,    2) (   3,    2) (   0,    0) (   1,    2)
          (   1,    1) (   1,    1) (   3,    2) (   2,    2) (   0,    1) (   2,    0) (   1,    1) (   2,    1) (   1,    1) (   2,    5)
          (   0,    0) (   0,    0) (   5,    0) (   4,    0) (   2,    1) (   4,    4) (   1,    5) (   3,    6) (   3,    5) (   0,    1)
          (   2,    2) (   2,    2) (   3,    2) (   5,    5) (   2,    3) (   4,    4) (   2,    2) (   3,    2) (   0,    0) (   0,    1)
          (   0,    0) (   2,    0) (   2,    1) (   1,    1) (   3,    4) (   3,    5) (   0,    0) (   1,    0) (   2,    0) (   7,    4)
          (   3,    3) (   1,    1) (   4,    5) (   0,    4) (   0,    1) (   0,    0) (   3,    3) (   4,    3) (   6,    6) (   3,    4)
          (   0,    0) (   0,    0) (   1,    0) (   6,    0) (   3,    4) (   1,    1) (   7,    7) (   7,   12) (   4,    4) (   1,    2)
          (   0,    0) (   3,    1) (   5,    4) (   0,    0) (   7,    6) (   3,    5) (   2,    2) (   2,    1) (   0,    2) (   0,    1)
          (   3,    1) (   1,    1) (   7,    6) (   1,    1) (   1,    4) (   0,    0) (   2,    0) (   2,    1) (   0,    0) (   2,    3)
          (   7,    9) (   1,    1) (   4,    3) (   2,    2) (   1,    2) (   1,    1) (   2,    2) (   2,    1) (   2,    2) (   5,    6)
          (   0,    0) (   1,    1) (   2,    1) (   1,    1) (   3,    2) (   0,    0) (   0,    0) (   3,    0) (   1,    3) (   1,    2)
          (   1,    1) (   0,    2) (   5,    4) (   0,    0) (   2,    3) (   4,    4) (   4,    4) (   3,    2) (   1,    1) (   0,    1)
          (   0,    0) (   3,    1) (   6,    3) (   2,    2) (   6,    7) (   0,    2) (   1,    3) (   1,    0) (   1,    1) (   1,    2)
          (   3,    3) (   2,    2) (   4,    3) (   3,    1) (   0,    1) (   1,    1) (   1,    1) (   1,    0) (   5,    1) (   1,    2)
          (   3,    3) (   0,    0) (   3,    4) (   5,    3) (   1,    2) (   0,    0) (   1,    1) (   2,    1) (   1,    1) (   0,    1)
          (   0,    0) (   3,    3) (   1,    0) (   2,    2) (   0,    1) (   1,    1) (  10,    0) (   2,    1) (   1,    1) (   0,    1)
          (   1,   10) (   0,    0) (   1,    0) (   2,    2) (   1,    2) (   3,    3) (   0,    0) (   3,    2) (   0,    0) (   0,    1)
          (   2,    0) (   0,    0) (   2,    1) (   2,    2) (   4,    5) (   3,    3) (   2,    2) (   1,    0) (   5,    1) (   1,    2)
          (   2,    2) (   3,    1) (   4,    4) (   4,    4) (   2,    1) (   0,    0) (   4,    0) (   3,    2) (   5,    3) (   3,    2)
          (   1,    2) (   2,    0) (   3,    3) (   1,    1) (   3,    2) (   0,    0) (   0,    0) (   6,    3) (   6,    6) (   1,    2)
          (   5,    5) (   0,    2) (   1,    0) (   4,    0) (   1,    2) (   0,    0) (   1,    1) (   2,    3) (   0,    0) (   1,    2)
          (   0,    0) (   2,    0) (   4,    3) (   1,    1) (   0,    1) (   1,    3) (   0,    0) (   1,    0) (   2,    2) (   0,    1)
          (   3,    3) (   3,    3) (   2,    1) (   2,    2) (   0,    1) (   0,    0) (   4,    0) (   2,    1) (   1,    1) (   4,    3)
          (   2,    4) (   0,    0) (   2,    1) (   1,    2) (   1,    2) (   0,    0) (   0,    0) (   3,    2) (   0,    0) (   3,    1)
          (   0,    0) (   0,    0) (   2,    1) (   0,    0) (   3,    1) (   0,    0) (   0,    0) (   3,    0) (   0,    0) (   6,    2)
          (   1,    1) (   2,    2) (   2,    1) (   1,    3) (   4,    3) (   0,    0) (   0,    0) (   3,    2) (   4,    2) (   3,    3)
          (   2,    2) (   0,    0) (   3,    1) (   2,    0) (   0,    0) (   0,    0) (   0,    2) (   1,    2) (   0,    0) (   0,    0)
          (   1,    1) (   3,    3) (   6,    5) (   3,    3) (   2,    3) (   0,    0) (   0,    0) (   1,    0) (   0,    0) (   4,    4)
          (   3,    3) (   5,    5) (   2,    1) (   2,    2) (   0,    1) (   0,    0) (   2,    0) (   3,    2) (   3,    1) (   4,    5)
          (   3,    3) (   1,    1) (   1,    2) (   0,    0) (   0,    0) (   1,    1) (   8,    4) (   4,    1) (   3,    3) (   0,    1)
          (   0,    4) (   0,    1) (   1,    0) (   0,    0) (   2,    3) (   3,    3) (   5,    5) (   3,    2) (   0,    0) (   0,    1)
          (   2,    0) (   0,    0) (   3,    2) (   0,    0) (   3,    5) (   1,    1) (   0,    0) (   1,    0) (   1,    1) (   0,    1)
          (   1,    1) (   0,    0) (   2,    1) (   3,    1) (   0,    1) (   1,    1) (   0,    0) (   2,    3) (   0,    0) (   1,    1)
          (   0,    0) (   2,    2) (   3,    2) (   1,    1) (   0,    0) (   0,    0) (   4,    0) (   2,    1) (   2,    2) (   1,    2)
          (   2,    5) (   0,    0) (   1,    0) (   0,    0) (   2,    0) (   8,    0) (   0,    0) (   2,    1) (   0,    1) (   1,    8)
          (   0,    0) (   0,    0) (   1,    0) (   1,    1) (   1,    2) (   2,    2) (   3,    3) (   2,    1) (   1,    1) (   0,    1)
          (   0,    0) (   0,    0) (   3,    0) (   5,    1) (   3,    3) (   2,    2) (   1,    1) (   1,    3) (   0,    0) (   0,    1)
          (   0,    0) (   2,    0) (   3,    2) (   1,    1) (   2,    3) (   1,    2) (   0,    0) (   3,    0) (   2,    0) (   3,    2)
          (   2,    2) (   2,    2) (   1,    1) (   2,    3) (   0,    0) (   0,    0) (   3,    1) (   3,    0) (   3,    3) (   0,    1)
          (   0,    1) (   0,    2) (   1,    0) (   0,    0) (   2,    2) (   3,    3) (   4,    4) (   3,    2) (   0,    0) (   1,    2)
          (   0,    0) (   2,    0) (   5,    0) (   1,    1) (   2,    2) (   3,    5) (   1,    3) (   2,    1) (   0,    0) (   0,    1)
          (   1,    1) (   2,    2) (   4,    1) (   1,    1) (   3,    4) (   3,    3) (   3,    3) (   2,    1) (   0,    0) (   0,    1)
          (   0,    0) (   0,    0) (   3,    0) (   4,    4) (   3,    1) (   3,    3) (   3,    5) (   2,    1) (   1,    2) (   0,    1)
          (   0,    0) (   4,    0) (   1,    0) (   2,    2) (   1,    2) (   3,    5) (   0,    0) (   2,    1) (   0,    0) (   3,    1)
          (   3,    1) (   0,    0) (   2,    1) (   0,    2) (   2,    3) (   0,    0) (   0,    0) (   1,    0) (   2,    0) (   5,    1)
          (   0,    0) (   1,    1) (   1,    0) (   0,    3) (   0,    0) (   0,    0) (   0,    0) (   4,    3) (   2,    2) (   2,    2)
          (   2,    2) (   0,    0) (   1,    0) (   3,    1) (   0,    0) (   3,    3) (   2,    2) (   4,    4) (   1,    1) (   0,    1)
          (   0,    0) (   0,    0) (   5,    0) (   2,    2) (   6,    1) (   2,    2) (   0,    4) (   1,    0) (   0,    3) (   0,    0)
          (   0,    0) (   1,    1) (   6,    5) (   2,    2) (   2,    3) (   0,    0) (   0,    0) (   3,    0) (   0,    0) (   5,    1)
          (   0,    0) (   1,    3) (   1,    0) (   1,    4) (   0,    1) (   0,    0) (   1,    1) (   3,    2) (   5,    3) (   2,    3)
          (   2,    2) (   1,    1) (   1,    2) (   1,    1) (   1,    2) (   2,    2) (   1,    1) (   3,    2) (   0,    0) (   0,    1)
          (   0,    0) (   2,    0) (   7,    0) (   0,    0) (   2,    0) (   1,    2) (   0,    3) (   1,    0) (   0,    2) (   0,    1)
          (   0,    0) (   3,    1) (   3,    2) (   2,    2) (   1,    1) (   0,    1) (   1,    1) (   1,    0) (   3,    1) (   0,    1)
          (   1,    1) (   2,    0) (   2,    2) (   2,    0) (   1,    2) (   0,    1) (   0,    0) (   1,    1) (   1,    1) (   2,    2)
          (   2,    2) (   0,    0) (   3,    2) (   0,    0) (   1,    1) (   2,    0) (   0,    0) (   7,    0) (   0,    0) (   0,    2)
          (   0,    0) (   0,    3) (   1,    0) (   0,    0) (   0,    1) (   3,    3) (   3,    3) (   2,    1) (   0,    0) (   0,    1)
          (   3,    1) (   1,    1) (   1,    0) (   1,    1) (   1,    3) (   0,    0) (   0,    0) (   1,    0) (   2,    0) (   3,    1)
          (   1,    1) (   1,    1) (   1,    0) (   1,    3) (   0,    1) (   0,    0) (   0,    0) (   1,    0) (   3,    1) (   2,    2)
          (   4,    4) (   2,    2) (   2,    2) (   0,    0) (   1,    2) (   2,    0) (   0,    0) (   2,    1) (   0,    0) (   1,    3)
          (   0,    0) (   0,    0) (   4,    1) (   3,    3) (   1,    2) (   0,    0) (   0,    1) (   1,    0) (   0,    0) (   1,    1)
          (   1,    1) (   9,    1) (   3,    2) (   3,    3) (   3,    2) (   0,    6) (   0,    0) (   1,    0) (   0,    1) (   1,    2)
          (   3,    1) (   1,    1) (   4,    3) (   0,    0) (   1,    3) (   0,    0) (   0,    0) (   1,    0) (   0,    0) (   7,    2)
          (   0,    0) (   0,    0) (   1,    0) (   0,    1) (   1,    1) (   0,    0) (   0,    0) (   3,    2) (   1,    1) (   2,    2)
          (   1,    1) (   1,    1) (   2,    1) (   1,    1) (   3,    2) (   0,    0) (   2,    2) (   1,    0) (   1,    2) (   0,    1)
          (   0,    0) (   0,    0) (   2,    1) (   4,    2) (   2,    2) (   1,    1) (   0,    0) (   1,    1) (   0,    0) (   0,    1)
         
node   7 sent_total   1273  recv_total   1133

node   8  (   0,    0) (   1,    0) (   4,    1) (  12,    4) (  22,   13) (  30,   25) (  34,   32) (  22,   31) (   4,   15) (   7,   11)
          (   2,    4) (   1,    3) (   1,    0) (   0,    0) (   2,    1) (   5,    1) (   5,    3) (   5,    4) (   3,    5) (   1,    6)
          (   0,    2) (   0,    0) (   2,    1) (   6,    6) (   8,    7) (   9,    9) (   1,    1) (   2,    1) (   4,    4) (   2,    3)
          (   0,    0) (   3,    3) (   1,    2) (   1,    1) (   0,    1) (   0,    0) (   2,    2) (   3,    2) (   2,    2) (   4,    5)
          (   2,    2) (   3,    3) (   1,    0) (   0,    0) (   0,    1) (   0,    0) (   3,    3) (   3,    2) (   1,    1) (   3,    4)
          (   4,    4) (   0,    0) (   2,    1) (   0,    0) (   4,    5) (   0,    0) (   1,    1) (   3,    0) (   0,    0) (   6,    1)
          (   0,    0) (   0,    2) (   1,    0) (   0,    6) (   0,    1) (   0,    0) (   1,    1) (  15,   14) (   5,    5) (   0,    1)
          (   0,    0) (   0,    0) (   2,    1) (   4,    0) (   0,    1) (   2,    2) (   5,    5) (   3,    6) (   1,    1) (   1,    2)
          (   0,    0) (   3,    1) (   1,    0) (   3,    3) (   0,    1) (   4,    6) (   0,    0) (   2,    1) (   1,    1) (   1,    2)
          (   2,    0) (   1,    1) (   3,    0) (   3,    3) (   0,    3) (   0,    0) (   0,    2) (   1,    0) (   0,    0) (   0,    1)
          (   7,    7) (   8,    8) (   2,    1) (   0,    0) (   0,    1) (   2,    0) (   6,    0) (   3,    0) (   2,    2) (   2,    5)
          (   1,    7) (   1,    3) (   1,    0) (   2,    0) (   2,    3) (   4,    4) (   3,    3) (   4,    5) (   1,    1) (   1,    2)
          (   0,    0) (   0,    0) (   8,    1) (   2,    2) (   4,    5) (   3,    3) (   1,    7) (   4,    3) (   0,    0) (   0,    1)
          (   3,    1) (   2,    2) (   4,    1) (   3,    3) (   1,    4) (   2,    2) (   1,    3) (   1,    0) (   0,    0) (   5,    2)
          (   1,    1) (   2,    2) (   2,    1) (   0,    4) (   0,    1) (   2,    0) (   3,    1) (   3,    2) (   4,    4) (   0,    3)
          (   3,    5) (   0,    0) (   1,    0) (   2,    2) (   2,    3) (   2,    0) (   1,    1) (   2,    1) (   3,    3) (   1,    4)
          (   0,    0) (   0,    0) (   1,    0) (   6,    0) (   2,    1) (   3,    3) (   0,    0) (   2,    7) (   0,    2) (   0,    1)
          (   0,    0) (   0,    0) (  13,    2) (   6,    6) (   2,    3) (   1,    1) (   0,   10) (   1,    0) (   0,    0) (   2,    3)
          (   4,    4) (   2,    2) (   1,    0) (   2,    2) (   3,    2) (   0,    0) (   0,    0) (   2,    1) (   5,    5) (   5,    4)
          (   5,    5) (   2,    2) (   3,    2) (   1,    1) (   4,    3) (   0,    0) (   0,    0) (   3,    0) (   3,    1) (   1,    2)
          (   0,    0) (   1,    3) (   2,    3) (   1,    1) (   0,    1) (   1,    1) (   1,    1) (   4,    3) (   2,    2) (   2,    3)
          (   0,    0) (   0,    0) (   1,    0) (   2,    2) (   0,    1) (   3,    3) (   5,    5) (   3,    2) (   2,    2) (   1,    2)
          (   0,    0) (   2,    2) (   3,    0) (  10,    8) (   1,    2) (   4,    4) (   1,    2) (   1,    2) (   0,    0) (   0,    0)
          (   0,    0) (   5,    1) (   5,    2) (   3,    3) (   0,    0) (   0,    1) (   2,    0) (   6,    1) (   1,    1) (   0,    1)
          (   2,    2) (   5,    5) (   6,    3) (   1,    1) (   0,    1) (   1,    1) (   1,    1) (   5,    2) (   5,    5) (   3,    3)
          (   4,    4) (   0,    1) (   2,    1) (   0,    0) (   3,    2) (   2,    0) (   3,    3) (   3,    0) (   1,    3) (   0,    2)
          (   0,    0) (   2,    3) (   2,    1) (   6,    2) (   2,    3) (   0,    0) (   0,    0) (   1,    2) (   1,    1) (   2,    2)
          (   3,    3) (   3,    3) (   6,    5) (   1,    1) (   1,    2) (   0,    0) (   0,    0) (   5,    2) (   1,    1) (   1,    2)
          (   0,    0) (   2,    3) (   2,    1) (   0,    0) (   2,    1) (   0,    0) (   6,    0) (   3,    0) (   0,    1) (   1,    1)
          (   0,    5) (   0,    0) (   3,    2) (   4,    2) (   0,    1) (   2,    2) (   0,    0) (   1,    0) (   4,    0) (   0,    1)
          (   3,    1) (   0,    0) (   2,    2) (   2,    0) (   1,    3) (   0,    0) (   0,    0) (   2,    1) (   5,    5) (   5,    4)
          (   3,    3) (   0,    0) (   1,    0) (   3,    2) (   3,    3) (   1,    1) (   2,    2) (   1,    1) (   0,    0) (   4,    0)
          (   0,    0) (   1,    1) (   1,    0) (   0,    2) (   0,    1) (   0,    0) (   0,    0) (   1,    0) (   6,    0) (   3,    1)
          (   2,    2) (   1,    1) (   1,    4) (   0,    1) (   0,    1) (   0,    0) (   1,    1) (   2,    1) (   4,    4) (   2,    2)
          (   2,    2) (   1,    1) (   1,    0) (   0,    0) (   2,    0) (   6,    0) (   2,    0) (   2,    1) (   1,    2) (   1,    6)
          (   1,    1) (   0,    0) (   1,    0) (   2,    0) (   6,    0) (   3,    3) (   1,    1) (   3,    3) (   0,    2) (   0,    0)
          (   0,    0) (   0,    0) (   7,    0) (   1,    1) (   1,    2) (   1,    1) (   1,    4) (   1,    0) (   0,    0) (   2,    0)
          (   2,    2) (   0,    0) (   1,    0) (   0,    0) (   2,    2) (   2,    2) (   0,    0) (   1,    0) (   0,    0) (   0,    1)
          (   0,    0) (   0,    0) (   2,    1) (   0,    0) (   2,    0) (   0,    0) (   0,    0) (   8,    1) (   0,    0) (   1,    1)
          (   0,    0) (   0,    2) (   1,    0) (   0,    0) (   0,    0) (   0,    0) (  10,    2) (   4,    3) (   5,    5) (   0,    0)
          (   0,    6) (   0,    0) (   2,    1) (   1,    1) (   2,    3) (   1,    1) (   2,    2) (   2,    1) (   0,    0) (   1,    2)
          (   2,    0) (   2,    0) (   3,    0) (   1,    1) (   3,    5) (   1,    2) (   2,    4) (   1,    0) (   2,    2) (   0,    0)
          (   0,    0) (   2,    2) (   4,    3) (   4,    4) (   1,    2) (   0,    0) (   0,    0) (   1,    0) (   6,    0) (   1,    1)
          (   2,    2) (   0,    0) (   2,    4) (   0,    0) (   0,    1) (   0,    0) (   0,    0) (   3,    2) (   3,    3) (   3,    4)
          (   1,    1) (   0,    0) (   3,    0) (   2,    0) (   3,    2) (   1,    1) (   0,    1) (   2,    3) (   0,    1) (   1,    2)
          (   0,    0) (   0,    0) (   1,    0) (   2,    2) (   0,    1) (   1,    1) (   0,    0) (   2,    1) (   0,    0) (   2,    1)
          (   2,    0) (   0,    0) (   3,    0) (   1,    2) (   3,    5) (   5,    5) (   2,    4) (   3,    2) (   0,    0) (   0,    1)
          (   0,    0) (   0,    0) (   4,    1) (   2,    2) (   2,    1) (   2,    2) (   0,    2) (   1,    0) (   0,    0) (   1,    2)
          (   0,    0) (   0,    0) (   2,    1) (   4,    4) (   3,    1) (   1,    1) (   0,    0) (   1,    0) (   1,    3) (   2,    3)
          (   1,    1) (   2,    2) (   6,    5) (   2,    2) (   0,    1) (   1,    1) (   0,    0) (   3,    0) (   2,    0) (   2,    0)
          (   3,    3) (   2,    4) (   3,    3) (   1,    2) (   0,    1) (   2,    0) (   1,    1) (   2,    1) (   3,    3) (   0,    1)
          (   2,    2) (   0,    0) (   1,    0) (   2,    0) (   1,    2) (   0,    0) (   2,    2) (   3,    2) (   0,    0) (   0,    1)
          (   0,    0) (   0,    0) (   7,    0) (   0,    0) (   1,    2) (   1,    1) (   2,    4) (   2,    1) (   0,    0) (   0,    1)
          (   2,    0) (   4,    0) (   1,    0) (   0,    0) (   1,    3) (   0,    2) (   0,    0) (   1,    0) (   0,    0) (   2,    2)
          (   4,    2) (   1,    1) (   2,    1) (   0,    0) (   0,    1) (   2,    0) (   0,    0) (   1,    0) (   4,    4) (   3,    4)
          (   0,    0) (   0,    0) (   1,    0) (   6,    0) (   1,    2) (   0,    0) (   0,    0) (   1,    3) (   1,    1) (   0,    1)
          (   1,    1) (   3,    3) (   2,    1) (   2,    0) (   1,    2) (   2,    2) (   2,    2) (   3,    3) (   1,    1) (   0,    1)
          (   0,    0) (   1,    1) (   3,    0) (   1,    1) (   3,    1) (   1,    1) (   0,    1) (   1,    0) (   0,    1) (   2,    3)
          (   0,    0) (   1,    1) (   2,    1) (   1,    1) (   3,    4) (   0,    0) (   1,    1) (   3,    0) (   1,    1) (   6,    0)
          (   1,    1) (   0,    2) (   2,    1) (   0,    3) (   1,    1) (   0,    0) (   2,    2) (   9,    4) (   2,    2) (   2,    3)
          (   0,    0) (   0,    2) (   1,    0) (   1,    1) (   1,    2) (   1,    1) (   1,    1) (   2,    1) (   2,    0) (   0,    1)
          (   0,    0) (   0,    0) (   2,    2) (   1,    1) (   3,    2) (   0,    0) (   0,    0) (   3,    0) (   2,    1) (   0,    0)
          (   1,    1) (   0,    1) (   3,    3) (   1,    1) (   1,    1) (   0,    0) (   1,    1) (   3,    0) (   2,    0) (   4,    2)
          (   1,    1) (   3,    4) (   2,    3) (   2,    3) (   0,    0) (   2,    0) (   3,    1) (   1,    0) (   1,    1) (   0,    3)
          (   0,    1) (   2,    0) (   1,    0) (   3,    3) (   2,    3) (   4,    5) (   1,    1) (   1,    0) (   2,    0) (   1,    2)
          (   0,    0) (   0,    0) (   2,    2) (   2,    2) (   1,    2) (   0,    0) (   1,    1) (   1,    0) (   2,    2) (   3,    1)
          (   0,    0) (   3,    3) (   1,    0) (   0,    1) (   0,    1) (   0,    0) (   0,    0) (   1,    0) (   5,    1) (   3,    3)
          (   2,    2) (   2,    2) (   1,    2) (   1,    1) (   1,    1) (   1,    1) (   0,    0) (   3,    0) (   1,    1) (   4,    3)
          (   3,    1) (   0,    1) (   1,    0) (   2,    1) (   0,    2) (   0,    0) (   1,    1) (   3,    4) (   2,    2) (   0,    1)
          (   0,    0) (   1,    1) (   1,    0) (   2,    0) (   1,    2) (   0,    0) (   1,    1) (   1,    1) (   0,    0) (   0,    1)
         
node   8 sent_total   1287  recv_total   1131

node   9  (   0,    0) (   0,    0) (   1,    0) (  16,    4) (  28,   14) (  30,   23) (  28,   30) (  25,   31) (   7,   18) (   4,    6)
          (   8,    9) (   1,    1) (   1,    1) (   1,    0) (   2,    0) (  10,    1) (   3,    1) (   0,    0) (   3,    4) (   0,   10)
          (   0,    3) (   0,    0) (   2,    2) (   4,    3) (   4,    4) (   2,    3) (   5,    5) (   2,    2) (   1,    0) (   2,    0)
          (   0,    1) (   0,    0) (   1,    1) (   1,    2) (   0,    0) (   0,    1) (   0,    0) (   2,    2) (   4,    3) (   7,    7)
          (   5,    6) (   3,    3) (   2,    2) (   5,    0) (   4,    0) (   0,    1) (   2,    2) (   3,    7) (   5,    8) (   2,    2)
          (   2,    3) (   1,    1) (   2,    2) (   2,    1) (   2,    0) (   2,    3) (   0,    0) (   1,    1) (   3,    4) (   0,    0)
          (   4,    3) (   0,    0) (   1,    1) (   3,    0) (   1,    3) (   2,    1) (   2,    2) (   1,    3) (   2,    1) (   1,    3)
          (   0,    1) (   0,    0) (   2,    2) (   6,    5) (   4,    2) (   2,    3) (   0,    0) (   4,    0) (   1,    2) (   0,    0)
          (   0,    1) (   0,    4) (   5,    5) (   6,    5) (   9,    9) (   4,    5) (   5,    5) (   1,    1) (   1,    0) (   2,    0)
          (   2,    1) (   1,    1) (   1,    1) (   1,    2) (   2,    4) (   0,    1) (   1,    1) (   0,    0) (   3,    0) (   7,    1)
          (   2,    3) (   3,    3) (   1,    3) (   2,    7) (   0,    0) (   0,    1) (   1,    1) (   3,    3) (   7,    6) (   0,    0)
          (   4,    5) (   0,    0) (   0,    0) (   7,    0) (   0,    0) (   8,    1) (   0,    0) (   0,    6) (   1,    0) (   1,    9)
          (   0,    1) (   0,    0) (   1,    1) (  11,   10) (   7,    7) (   2,    3) (   4,    4) (   1,    1) (   1,    0) (   2,    0)
          (   2,    1) (   1,    1) (   1,    1) (   5,    6) (   2,    4) (   1,    2) (   1,    1) (   1,    1) (   4,    3) (   3,    1)
          (   1,    2) (   0,    0) (   2,    2) (   2,    3) (   0,    0) (   1,    2) (   2,    2) (   5,    5) (   5,    4) (   0,    0)
          (   0,    1) (   4,    0) (   1,    1) (   2,    1) (   1,    1) (   0,    5) (   1,    1) (   1,    1) (   1,    0) (   4,    4)
          (   0,    1) (   0,    0) (   2,    2) (   3,    2) (   5,    1) (   1,    2) (   4,    4) (   2,    2) (   4,    7) (   0,    0)
          (   0,    1) (   0,    0) (   2,    2) (   5,    2) (   4,    4) (   1,    2) (   2,    2) (   2,    4) (   1,    0) (   2,    2)
          (   2,    3) (   4,    4) (   5,    3) (   2,    1) (   1,    1) (   2,    2) (   0,    0) (   5,    3) (   5,    4) (   0,    0)
          (   5,    6) (   0,    0) (   4,    2) (   1,    0) (   0,    0) (   0,    1) (   0,    0) (   1,    1) (   1,    0) (   2,    2)
          (   3,    4) (   2,    2) (   2,    2) (   3,    2) (   2,    0) (   0,    1) (   1,    1) (   4,    4) (   2,    3) (   2,    2)
          (   0,    1) (   0,    0) (   6,    0) (   1,    0) (   6,    0) (   0,    1) (   1,    6) (   0,    0) (   2,    7) (   0,    0)
          (   1,    2) (   1,    1) (   4,    4) (   2,    1) (   1,    1) (   0,    1) (   0,    0) (   2,    0) (   1,    0) (  12,    0)
          (   2,    0) (   0,    2) (   5,    5) (   2,    7) (   3,    5) (   0,    0) (   5,    1) (   2,    0) (   3,    2) (   2,    0)
          (   2,    3) (   5,    3) (   2,    2) (   3,    3) (   0,    0) (   2,    1) (   4,    0) (   0,    0) (   5,    2) (   2,    4)
          (   2,    2) (   0,    0) (   1,    1) (   2,    1) (   0,    0) (   3,    3) (   0,    0) (   1,    1) (   1,    0) (   0,    0)
          (   8,    0) (   0,    0) (   2,    2) (   4,    3) (   2,    7) (   1,    2) (   0,    0) (   2,    0) (   2,    1) (   4,    0)
          (   4,    1) (   1,    3) (   0,    0) (   2,    3) (   0,    2) (   0,    1) (   0,    0) (   1,    1) (   6,    5) (   4,    4)
          (   2,    3) (   0,    0) (   0,    0) (   4,    1) (   1,    1) (   1,    1) (   1,    1) (   1,    2) (   3,    2) (   0,    0)
          (   0,    0) (   0,    0) (   8,    0) (   2,    1) (   0,    0) (   0,    0) (   0,    3) (   2,    0) (   2,    1) (   1,    1)
          (   4,    5) (   3,    3) (   5,    3) (   1,    0) (   1,    1) (   0,    0) (   0,    0) (   4,    0) (   2,    1) (   0,    0)
          (   1,    2) (   0,    2) (   1,    1) (   3,    0) (   1,    1) (   2,    1) (   1,    1) (   0,    2) (   1,    0) (   2,    1)
          (   1,    1) (   3,    3) (   1,    1) (   3,    3) (   0,    0) (   0,    1) (   0,    0) (   0,    0) (   7,    0) (   0,    0)
          (   2,    1) (   1,    1) (   0,    4) (   2,    1) (   0,    1) (   0,    0) (   2,    0) (   2,    0) (   5,    2) (   4,    2)
          (   1,    3) (   1,    2) (   0,    1) (   1,    1) (   0,    0) (   0,    1) (   1,    1) (   5,    5) (   5,    4) (   4,    4)
          (   0,    0) (   0,    0) (   0,    0) (   2,    1) (   2,    2) (   1,    1) (   3,    3) (   1,    1) (   2,    1) (   0,    0)
          (   0,    0) (   3,    1) (   0,    0) (   5,    4) (   1,    1) (   2,    4) (   0,    0) (   0,    0) (   4,    1) (   0,    0)
          (   2,    1) (   0,    0) (   0,    2) (   3,    2) (   1,    1) (   0,    1) (   1,    1) (   0,    0) (   3,    2) (   1,    1)
          (   1,    1) (   4,    4) (   2,    2) (   2,    1) (   0,    0) (   0,    1) (   4,    0) (   0,    0) (   3,    0) (   1,    1)
          (   0,    3) (   0,    0) (   0,    0) (   1,    0) (   1,    1) (   0,    0) (   2,    2) (   4,    4) (   3,    2) (   5,    5)
          (   0,    0) (   0,    0) (   0,    0) (   2,    1) (   7,    1) (   1,    2) (   1,    1) (   0,    0) (   1,    4) (   0,    0)
          (   0,    0) (   1,    1) (   3,    3) (   5,    4) (   3,    3) (   4,    5) (   0,    0) (   0,    0) (   3,    0) (   2,    0)
          (   6,    0) (   1,    1) (   0,    1) (   3,    2) (   1,    5) (   0,    1) (   0,    0) (   0,    0) (   3,    0) (   2,    2)
          (   2,    1) (   2,    2) (   0,    1) (   1,    0) (   1,    2) (   0,    1) (   0,    0) (   2,    0) (   3,    2) (   3,    3)
          (   1,    1) (   0,    1) (   0,    0) (   3,    0) (   4,    0) (   3,    3) (   0,    0) (   1,    1) (   3,    4) (   0,    0)
          (   0,    1) (   0,    0) (   1,    1) (   4,    1) (   1,    1) (   1,    2) (   0,    0) (   0,    1) (   3,    2) (   1,    1)
          (   0,    1) (   0,    0) (   0,    0) (   7,    2) (   3,    1) (   2,    2) (   4,    4) (   0,    2) (   1,    1) (   0,    0)
          (   0,    1) (   0,    0) (   2,    0) (   4,    1) (   5,    5) (   4,    2) (   3,    4) (   0,    1) (   1,    0) (   0,    1)
          (   0,    1) (   1,    1) (   1,    1) (   2,    1) (   2,    2) (   0,    1) (   0,    0) (   0,    0) (   5,    0) (   4,    0)
          (   1,    2) (   2,    2) (   1,    2) (   1,    2) (   1,    1) (   0,    0) (   0,    0) (   0,    0) (   2,    1) (   4,    0)
          (   1,    1) (   0,    0) (   2,    2) (   3,    3) (   0,    0) (   0,    1) (   0,    0) (   2,    0) (   6,    1) (   0,    0)
          (   0,    1) (   0,    1) (   0,    1) (   1,    0) (   0,    0) (   1,    2) (   3,    3) (   3,    3) (   4,    3) (   1,    1)
          (   0,    0) (   0,    0) (   0,    0) (   9,    0) (   2,    0) (   0,    0) (   0,    0) (   0,    3) (   1,    1) (   1,    1)
          (   0,    0) (   2,    2) (   3,    1) (   3,    2) (   0,    0) (   0,    1) (   0,    1) (   0,    0) (   2,    1) (   2,    2)
          (   4,    5) (   6,    6) (   2,    2) (   3,    2) (   1,    1) (   0,    0) (   2,    0) (   2,    0) (   5,    0) (   2,    2)
          (   0,    3) (   2,    3) (   1,    2) (   1,    0) (   0,    0) (   1,    2) (   2,    0) (   2,    0) (   2,    1) (   0,    0)
          (   0,    1) (   0,    1) (   0,    0) (   3,    2) (   1,    1) (   0,    1) (   3,    3) (   1,    1) (   1,    0) (   1,    1)
          (   0,    1) (   2,    0) (   0,    0) (   1,    0) (   1,    1) (   3,    2) (   1,    1) (   1,    1) (   1,    0) (   1,    2)
          (   1,    2) (   0,    0) (   0,    0) (   4,    3) (   0,    0) (   1,    1) (   0,    0) (   1,    1) (   2,    1) (   0,    0)
          (   3,    3) (   4,    4) (   2,    2) (   1,    0) (   0,    0) (   4,    1) (   2,    0) (   2,    0) (   3,    2) (   0,    3)
          (   2,    5) (   0,    0) (   0,    0) (   3,    0) (   1,    1) (   2,    3) (   1,    1) (   2,    3) (   1,    0) (   0,    0)
          (   2,    0) (   1,    1) (   1,    1) (   2,    1) (   0,    1) (   0,    1) (   0,    0) (   0,    0) (   3,    0) (   2,    2)
          (   5,    3) (   4,    4) (   1,    2) (   2,    1) (   0,    1) (   0,    1) (   0,    0) (   0,    0) (   2,    1) (   1,    1)
          (   1,    1) (   3,    3) (   1,    1) (   1,    0) (   0,    0) (   0,    1) (   2,    0) (   2,    0) (   2,    1) (   1,    1)
          (   0,    2) (   0,    1) (   1,    1) (   3,    0) (   3,    1) (   1,    2) (   1,    1) (   1,    3) (   2,    3) (   0,    0)
          (   0,    1) (   2,    0) (   3,    1) (   4,    3) (   0,    0) (   0,    1) (   0,    1) (   0,    0) (   1,    0) (   1,    1)
          (   3,    4) (   4,    4) (   2,    2) (   2,    1) (   0,    0) (   0,    1) (   2,    0) (   6,    0) (   1,    0) (   1,    1)
          (   1,    4) (   1,    3) (   2,    2) (   1,    0) (   0,    0) (   2,    1) (   0,    0) (   5,    1) (   1,    0) (   1,    2)
          (   0,    1) (   0,    3) (   0,    0) (   1,    0) (   1,    1) (   3,    4) (   4,    4) (   4,    4) (   3,    2) (   2,    0)
          (   0,    0) (   2,    0) (   2,    0) (   3,    3) (   2,    2) (   3,    4) (   2,    3) (   1,    1) (   1,    0) (   2,    0)
         
node   9 sent_total   1323  recv_total   1137

node  10  (   0,    0) (   0,    0) (   1,    0) (  12,    3) (  26,   13) (  26,   22) (  34,   34) (   6,   21) (   7,   14) (   3,    3)
          (   4,    7) (   0,    2) (   0,    2) (   3,    2) (   0,    0) (   2,    3) (   2,    2) (   3,    3) (   7,    6) (   1,    1)
          (   0,    1) (   0,    0) (   2,    2) (   5,    4) (   5,    5) (   5,    6) (   3,    3) (   2,    2) (   3,    0) (   1,    1)
          (   1,    2) (   2,    2) (   1,    3) (   1,    0) (   0,    0) (   2,    1) (   2,    2) (   1,    1) (   2,    1) (   1,    3)
          (   1,    2) (   0,    0) (   1,    1) (   1,    0) (   0,    0) (   3,    4) (   1,    1) (   3,    3) (   6,    5) (   0,    0)
          (   0,    1) (   0,    0) (   2,    0) (   2,    1) (   0,    0) (   0,    1) (   4,    6) (   1,    1) (   3,    2) (   1,    1)
          (   1,    2) (   3,    3) (   0,    0) (   3,    2) (   1,    1) (   0,    1) (   5,    3) (   0,    0) (   4,    3) (   0,    0)
          (   0,    3) (   2,    0) (   1,    1) (   7,    2) (   3,    3) (   5,    6) (   1,    1) (   1,    5) (   1,    0) (   2,    4)
          (   0,    1) (   2,    0) (   2,    0) (   4,    3) (   8,    2) (   4,    7) (   3,    5) (   0,    0) (   1,    6) (   0,    0)
          (   1,    2) (   1,    1) (  10,   10) (   6,    5) (   1,    1) (   1,    2) (   1,    1) (   0,    0) (   5,    2) (   1,    1)
          (   5,    6) (   3,    3) (   4,    6) (   2,    1) (   0,    0) (   0,    1) (   0,    0) (   7,    1) (   4,    1) (   3,    3)
          (   1,    2) (   0,    6) (   2,    4) (   3,    2) (   4,    4) (   4,    5) (   7,    7) (   2,    2) (   2,    1) (   0,    0)
          (   0,    1) (   0,    0) (   1,    1) (   1,    0) (   8,    8) (   4,    5) (   3,    3) (   0,    0) (   3,    2) (   0,    0)
          (   1,    2) (   0,    0) (   1,    1) (   7,    0) (   0,    0) (   0,    1) (   0,    0) (   1,    7) (   2,    1) (   1,    1)
          (   2,    3) (  11,   11) (   5,    5) (   3,    2) (   0,    0) (   0,    1) (   1,    1) (   1,    1) (   5,    2) (   0,    0)
          (   1,    2) (   0,    0) (   0,    2) (   1,    0) (   1,    1) (   0,    1) (   3,    3) (   0,    0) (   5,    4) (   0,    0)
          (   2,    3) (   2,    2) (   1,    1) (   4,    3) (   3,    3) (   0,    1) (   3,    3) (   2,    2) (   1,    0) (   1,    1)
          (   0,    1) (   0,    0) (   3,    3) (   5,    4) (   7,    7) (   4,    5) (   0,    0) (   0,    0) (   3,    0) (   4,    0)
          (   2,    3) (   2,    2) (   3,    5) (   3,    4) (   0,    0) (   2,    1) (   0,    0) (   4,    0) (   4,    3) (   4,    4)
          (   3,    1) (   0,    4) (   0,    0) (   2,    1) (   2,    2) (   2,    1) (   0,    0) (   0,    0) (   3,    2) (   5,    3)
          (   1,    2) (   0,    0) (   1,    1) (   3,    4) (   1,    1) (   0,    1) (   1,    1) (   4,    2) (   7,    4) (   1,    1)
          (   0,    1) (   0,    2) (   2,    4) (   2,    1) (   0,    0) (   2,    3) (   1,    1) (   1,    1) (   2,    1) (   0,    0)
          (   0,    1) (   0,    0) (   2,    0) (   5,    2) (   4,    4) (   3,    4) (   1,    2) (   0,    2) (   1,    0) (   3,    3)
          (   2,    3) (   1,    1) (   7,    5) (   2,    1) (   3,    1) (   0,    1) (   0,    0) (   7,    3) (   1,    0) (   5,    1)
          (   1,    1) (   1,    3) (   5,    3) (   1,    2) (   2,    0) (   0,    1) (   1,    1) (   2,    0) (   2,    1) (   0,    0)
          (   0,    1) (   0,    2) (   0,    0) (   3,    0) (   0,    0) (   2,    3) (   2,    2) (   1,    3) (   1,    0) (   0,    0)
          (   0,    1) (   2,    2) (   3,    1) (   5,    4) (   1,    1) (   1,    2) (   1,    2) (   0,    0) (   1,    0) (   2,    0)
          (   2,    1) (   1,    1) (   0,    0) (   2,    2) (   1,    3) (   0,    1) (   0,    0) (   0,    0) (   2,    1) (   2,    2)
          (   1,    2) (   1,    1) (   2,    2) (   2,    1) (   1,    1) (   0,    1) (   1,    1) (   1,    1) (   3,    2) (   1,    1)
          (   2,    1) (   2,    0) (   1,    1) (   3,    0) (   2,    3) (   0,    1) (   0,    0) (   0,    0) (   3,    0) (   6,    2)
          (   0,    0) (   2,    2) (   0,    0) (   4,    2) (   0,    0) (   0,    1) (   3,    1) (   0,    0) (   2,    1) (   1,    1)
          (   2,    2) (   0,    0) (   0,    0) (   1,    0) (   3,    3) (   2,    3) (   0,    0) (   0,    0) (   1,    0) (   4,    0)
          (   4,    3) (   0,    0) (   3,    3) (   2,    4) (   1,    2) (   0,    1) (   0,    0) (   0,    0) (   5,    0) (   3,    3)
          (   3,    4) (   3,    3) (   1,    2) (   1,    0) (   0,    0) (   0,    1) (   2,    0) (   0,    0) (   3,    2) (   1,    1)
          (   1,    2) (   1,    1) (   0,    0) (   1,    0) (   2,    0) (   5,    1) (   3,    1) (   3,    3) (   5,    5) (   1,    3)
          (   1,    2) (   0,    0) (   2,    0) (   5,    0) (   2,    0) (   4,    2) (   1,    2) (   2,    5) (   2,    1) (   0,    1)
          (   0,    1) (   0,    0) (   0,    0) (   4,    1) (   2,    2) (   2,    3) (   1,    1) (   0,    0) (   3,    0) (   3,    1)
          (   1,    2) (   1,    1) (   2,    2) (   3,    4) (   3,    1) (   1,    1) (   0,    0) (   2,    0) (   3,    0) (   2,    0)
          (   4,    0) (   0,    0) (   0,    2) (   2,    2) (   0,    3) (   0,    1) (   1,    1) (   1,    1) (   6,    5) (   2,    2)
          (   1,    2) (   1,    1) (   1,    1) (   2,    1) (   0,    0) (   0,    1) (   3,    1) (   1,    1) (   4,    3) (   0,    0)
          (   0,    3) (   0,    0) (   0,    0) (   2,    1) (   1,    1) (   1,    1) (   1,    1) (   1,    1) (   2,    1) (   0,    0)
          (   0,    1) (   2,    0) (   3,    1) (   3,    2) (   2,    2) (   3,    4) (   1,    3) (   1,    1) (   1,    0) (   0,    0)
          (   4,    0) (   4,    2) (   2,    0) (   3,    2) (   0,    3) (   0,    2) (   0,    2) (   0,    0) (   1,    0) (   4,    4)
          (   3,    4) (   3,    3) (   0,    0) (   2,    1) (   0,    0) (   0,    1) (   3,    1) (   1,    1) (   5,    4) (   4,    4)
          (   2,    4) (   0,    0) (   0,    0) (   5,    0) (   2,    0) (   1,    2) (   2,    2) (   3,    5) (   3,    4) (   1,    1)
          (   0,    1) (   0,    0) (   0,    0) (   5,    0) (   2,    2) (   0,    1) (   2,    2) (   0,    2) (   1,    0) (   1,    1)
          (   0,    1) (   0,    0) (   1,    1) (   3,    2) (   6,    2) (   2,    3) (   2,    2) (   0,    0) (   1,    3) (   1,    1)
          (   0,    0) (   0,    0) (   0,    0) (   5,    0) (   6,    0) (   0,    0) (   0,    0) (   1,    2) (   2,    5) (   0,    0)
          (   0,    0) (   0,    0) (   2,    2) (   3,    0) (   3,    3) (   0,    1) (   2,    2) (   0,    1) (   1,    0) (   0,    0)
          (   1,    2) (   1,    1) (   0,    0) (   3,    2) (   1,    1) (   1,    2) (   0,    0) (   0,    0) (   1,    0) (   4,    4)
          (   0,    0) (   4,    4) (   1,    1) (   3,    2) (   0,    0) (   0,    0) (   4,    2) (   0,    0) (   3,    2) (   3,    3)
          (   1,    1) (   3,    3) (   1,    1) (   1,    0) (   4,    0) (   5,    1) (   1,    1) (   1,    1) (   2,    3) (   0,    2)
          (   0,    1) (   0,    0) (   0,    0) (   4,    3) (   7,    5) (   3,    4) (   2,    2) (   2,    2) (   2,    2) (   0,    0)
          (   2,    1) (   0,    0) (   2,    2) (   4,    3) (   0,    1) (   0,    1) (   0,    0) (   0,    0) (   7,    0) (   0,    0)
          (   3,    3) (   0,    0) (   3,    5) (   1,    0) (   0,    0) (   0,    1) (   0,    0) (   2,    0) (   1,    0) (   2,    2)
          (   0,    1) (   2,    3) (   0,    0) (   2,    1) (   0,    0) (   0,    1) (   1,    1) (   0,    0) (   3,    2) (   1,    1)
          (   1,    1) (   2,    0) (   1,    1) (   1,    0) (   2,    2) (   1,    2) (   2,    2) (   1,    1) (   2,    1) (   0,    0)
          (   0,    1) (   0,    0) (   1,    1) (   2,    1) (   1,    1) (   2,    3) (   0,    0) (   1,    1) (   2,    1) (   1,    1)
          (   1,    2) (   0,    0) (   2,    0) (   4,    1) (   1,    1) (   0,    1) (   1,    2) (   0,    2) (   2,    1) (   2,    0)
          (   2,    2) (   2,    2) (   1,    1) (   1,    0) (   0,    0) (   0,    1) (   2,    2) (   0,    0) (   5,    4) (   2,    2)
          (   2,    3) (   1,    1) (   0,    0) (   2,    1) (   4,    2) (   1,    2) (   2,    2) (   1,    1) (   3,    3) (   0,    0)
          (   0,    0) (   0,    0) (   1,    1) (   1,    0) (   0,    0) (   0,    0) (   1,    1) (   0,    0) (   2,    1) (   0,    0)
          (   0,    0) (   1,    1) (   1,    1) (   4,    1) (   0,    0) (   0,    1) (   0,    0) (   0,    1) (   2,    1) (   0,    0)
          (   2,    2) (   2,    2) (   2,    2) (   2,    1) (   0,    0) (   0,    1) (   3,    1) (   1,    1) (   2,    1) (   3,    3)
          (   0,    2) (   0,    0) (   1,    1) (   1,    0) (   6,    4) (   1,    2) (   5,    5) (   2,    2) (   2,    2) (   0,    0)
          (   0,    1) (   5,    1) (   2,    2) (   4,    3) (   2,    2) (   0,    3) (   0,    0) (   0,    0) (   1,    0) (   3,    1)
          (   4,    3) (   3,    3) (   4,    4) (   4,    5) (   0,    1) (   0,    0) (   0,    0) (   2,    2) (   5,    2) (   2,    2)
          (   1,    1) (   0,    0) (   2,    1) (   2,    1) (   0,    0) (   0,    1) (   1,    2) (   1,    1) (   4,    3) (   2,    2)
          (   1,    2) (   1,    1) (   1,    1) (   2,    1) (   1,    1) (   2,    0) (   1,    1) (   1,    1) (   4,    3) (   0,    2)
          (   1,    1) (   0,    0) (   1,    1) (   3,    2) (   5,    3) (   1,    1) (   1,    1) (   0,    0) (   1,    1) (   1,    1)
         
node  10 sent_total   1261  recv_total   1125

